2013-11-13T08:49:36.395Z     1         58 dns:www.afsjeep.com P http://www.afsjeep.com/main.php text/dns #025 20131113084935353+473 sha1:523GLEKIVBSBLCTV3LKPFTXL2IBPWD5K - -
2013-11-13T08:49:39.553Z   404       1635 http://www.afsjeep.com/robots.txt P http://www.afsjeep.com/main.php text/html #025 20131113084939407+142 sha1:6BSJ7FEV2H2WNI7WSAACAUFYPAALJPHC - usingCharsetInHTML:windows-1252
2013-11-13T08:49:44.707Z   200       7709 http://www.afsjeep.com/main.php - - text/html #025 20131113084942553+2083 sha1:P72SGLGBV2CNT73H7PGQ34NP47N32IGH - usingCharsetInHTML:UTF-8,3t
2013-11-13T08:49:45.156Z     1         60 dns:fpdownload.macromedia.com XP http://fpdownload.macromedia.com/pub/shockwave/cabs/flash/swflash.cab text/dns #025 20131113084944708+442 sha1:F7QEDX75XU3TCN7ODNIL2WRHZLL7DUJU - -
2013-11-13T08:49:45.306Z     1         58 dns:www.adobe.com XP http://www.adobe.com/shockwave/download/download.cgi?P1_Prod_Version=ShockwaveFlash text/dns #025 20131113084945160+145 sha1:MFPUBF4N3J3SS4RQWQSYF5TCDQ7FYSIJ - -
2013-11-13T08:49:45.503Z     1         60 dns:www.macromedia.com XP http://www.macromedia.com/go/getflashplayer text/dns #006 20131113084945325+177 sha1:EQ5PF2SR3M2ESYIDDPZYOMNMP7WZJVJK - -
2013-11-13T08:49:45.624Z     1         59 dns:download.macromedia.com EP http://download.macromedia.com/pub/shockwave/cabs/flash/swflash.cab text/dns #025 20131113084945309+286 sha1:J5GWUT3HXED66QONQ5V566VSNOAM5FRT - -
2013-11-13T08:49:45.662Z     1        534 dns:v3.jiathis.com EP http://v3.jiathis.com/code/jia.js?uid=1358326034125147 text/dns #004 20131113084945325+336 sha1:HQDR5RHAMBSUNBU3YYR3YQBQPUQBIIQM - -
2013-11-13T08:49:48.890Z   302        161 http://v3.jiathis.com/robots.txt EP http://v3.jiathis.com/code/jia.js?uid=1358326034125147 text/html #004 20131113084948666+218 sha1:LMUTY3V6TOYLYAXO2WHO5ZEYIWMBOQ7G - -
2013-11-13T08:49:48.895Z   200         26 http://download.macromedia.com/robots.txt EP http://download.macromedia.com/pub/shockwave/cabs/flash/swflash.cab text/plain #025 20131113084948626+266 sha1:MNSXZO35OCDMK2YM2TS4NGM3W2BWMSDI - -
2013-11-13T08:49:49.016Z   301        239 http://www.macromedia.com/robots.txt XP http://www.macromedia.com/go/getflashplayer text/html #006 20131113084948507+503 sha1:5H5MF2CFFF4ENJS6I7MBTT2HG652XTKN - -
2013-11-13T08:49:49.339Z     1         66 dns:www.jiathis.com EPRP http://www.jiathis.com/error/notfound text/dns #004 20131113084948892+446 sha1:UI45JVHBLU2VKXJTNSFYVOCDUQIPPNS7 - -
2013-11-13T08:49:49.571Z   200         26 http://fpdownload.macromedia.com/robots.txt XP http://fpdownload.macromedia.com/pub/shockwave/cabs/flash/swflash.cab text/plain #003 20131113084948330+1240 sha1:MNSXZO35OCDMK2YM2TS4NGM3W2BWMSDI - -
2013-11-13T08:49:52.016Z -9998          - http://download.macromedia.com/pub/shockwave/cabs/flash/swflash.cab E http://www.afsjeep.com/main.php unknown #006 - - - 3t
2013-11-13T08:49:52.243Z   200      23980 http://v3.jiathis.com/code/jia.js?uid=1358326034125147 E http://www.afsjeep.com/main.php application/x-javascript #025 20131113084951896+137 sha1:PKNEIFX62NOWRAJMJ2WOIA3VOPF554FY - 3t
2013-11-13T08:49:52.414Z   200      12954 http://www.jiathis.com/robots.txt EPRP http://www.jiathis.com/error/notfound text/html #004 20131113084952340+35 sha1:55QTMQTQQ6F7OGFZEB3BRHIU7K7T7PEC - -
2013-11-13T08:49:52.542Z   301          0 http://www.macromedia.com/go/getflashplayer X http://www.afsjeep.com/main.php text/html #006 20131113084952017+523 sha1:3I42H3S6NNFQ2MSVX7XZKYAYSCX5QBYJ - 3t
2013-11-13T08:49:52.694Z     1         58 dns:get.adobe.com XRP http://get.adobe.com/flashplayer text/dns #006 20131113084952543+150 sha1:6YUEBG6NY4ZDS4Q4S6CHVB25KBTCPPAK - -
2013-11-13T08:49:55.403Z   404       1635 http://www.afsjeep.com/favicon.ico I http://www.afsjeep.com/main.php text/html #013 20131113084955332+67 sha1:6BSJ7FEV2H2WNI7WSAACAUFYPAALJPHC - usingCharsetInHTML:windows-1252
2013-11-13T08:49:55.493Z   302        161 http://v3.jiathis.com/favicon.ico EI http://v3.jiathis.com/code/jia.js?uid=1358326034125147 text/html #017 20131113084955334+156 sha1:LMUTY3V6TOYLYAXO2WHO5ZEYIWMBOQ7G - -
2013-11-13T08:49:55.524Z   200      12954 http://www.jiathis.com/error/notfound EPR http://v3.jiathis.com/robots.txt text/html #004 20131113084955415+59 sha1:55QTMQTQQ6F7OGFZEB3BRHIU7K7T7PEC - 3t
2013-11-13T08:49:55.548Z   200       6024 http://www.adobe.com/robots.txt XP http://www.adobe.com/shockwave/download/download.cgi?P1_Prod_Version=ShockwaveFlash text/plain #008 20131113084948334+7210 sha1:DE7RVPXTNIN23CER53XBJGEFPQHHXW7G - -
2013-11-13T08:49:56.334Z   200       9662 http://www.macromedia.com/favicon.ico XI http://www.macromedia.com/go/getflashplayer image/x-icon #008 20131113084955549+784 sha1:CFI3ZRTFNIWNJRCTO3QUV7VDZZRC7KHD - -
2013-11-13T08:49:56.335Z -9998          - http://fpdownload.macromedia.com/pub/shockwave/cabs/flash/swflash.cab X http://www.afsjeep.com/main.php unknown #008 - - - 3t
2013-11-13T08:49:58.548Z   200       3541 http://www.afsjeep.com/ts.php X http://www.afsjeep.com/main.php text/html #013 20131113084958404+104 sha1:NKCR3I6QXKFD62PYULRROGQQ3LZEFGWB - usingCharsetInHTML:UTF-8
2013-11-13T08:50:01.661Z   200       3541 http://www.afsjeep.com/my.php X http://www.afsjeep.com/main.php text/html #013 20131113085001548+98 sha1:VY3EMLB2HX653L35527ME2OMQW7ANMRW - usingCharsetInHTML:UTF-8
2013-11-13T08:50:05.174Z   200      93637 http://www.afsjeep.com/images/jquery.min.js E http://www.afsjeep.com/main.php application/x-javascript #013 20131113085004661+323 sha1:RNV2X72HXCUXSPZXANX5DMNDVVA5HBBD - -
2013-11-13T08:50:08.291Z   200       3541 http://www.afsjeep.com/wt.php X http://www.afsjeep.com/main.php text/html #013 20131113085008175+99 sha1:VMZF33QBEABX7HPWFKPAAZZENFNB26FL - usingCharsetInHTML:UTF-8
2013-11-13T08:50:09.027Z   404      62088 http://get.adobe.com/robots.txt XRP http://get.adobe.com/flashplayer text/html #006 20131113084955696+13324 sha1:UHKBNS2KHI5E4QI4MNTY4EOH4ZCDZYVI - -
2013-11-13T08:50:11.402Z   200       7963 http://www.afsjeep.com/images/gg.jpg E http://www.afsjeep.com/main.php image/jpeg #013 20131113085011292+108 sha1:6YMHO3CPYPDHGHV66GZ6JT4M4LXIZGSK - -
2013-11-13T08:50:14.542Z   200       3541 http://www.afsjeep.com/cs.php X http://www.afsjeep.com/main.php text/html #013 20131113085014404+101 sha1:RCGM46RKSOS2K53GGSNG5UL7IGHMHDW5 - usingCharsetInHTML:UTF-8
2013-11-13T08:50:18.059Z   200     274142 http://www.afsjeep.com/upimg/136256478580.jpg X http://www.afsjeep.com/main.php image/jpeg #013 20131113085017543+483 sha1:MDFQ27YOCXEQF7XQ3WMQHKK64CFPIP37 - -
2013-11-13T08:50:21.235Z   200      12094 http://www.afsjeep.com/images/TouMing.js E http://www.afsjeep.com/main.php application/x-javascript #013 20131113085021060+148 sha1:WUYU2MBS7KEKPK7PN7JWPB7UEXMRTWPV - -
2013-11-13T08:50:24.829Z   200     305259 http://www.afsjeep.com/upimg/136256485927.jpg X http://www.afsjeep.com/main.php image/jpeg #013 20131113085024238+571 sha1:QKY6COR5V5N4ATCBILPPGRRGZ4POJ2NH - -
2013-11-13T08:50:28.197Z   200     199970 http://www.afsjeep.com/upimg/136256484311.jpg X http://www.afsjeep.com/main.php image/jpeg #013 20131113085027831+344 sha1:Z2COTWQQL6PE3QNIT2ZCJ2NQ7I6CFIAW - -
2013-11-13T08:50:30.621Z   301        241 http://www.adobe.com/shockwave/download/download.cgi?P1_Prod_Version=ShockwaveFlash X http://www.afsjeep.com/main.php text/html #003 20131113085025594+5022 sha1:PV2AVUSKNA3SW6MADS7VB6NZHD2Y27OW - 3t
2013-11-13T08:50:31.326Z   200       3541 http://www.afsjeep.com/kz.php X http://www.afsjeep.com/main.php text/html #013 20131113085031202+104 sha1:LMXOR624VBDRRUFOSWXMSOJ5I6XJ7GW6 - usingCharsetInHTML:UTF-8
2013-11-13T08:50:34.404Z   404       1635 http://www.afsjeep.com/images/top X http://www.afsjeep.com/main.php text/html #013 20131113085034328+67 sha1:6BSJ7FEV2H2WNI7WSAACAUFYPAALJPHC - usingCharsetInHTML:windows-1252
2013-11-13T08:50:37.553Z   200       2454 http://www.afsjeep.com/images/style.css E http://www.afsjeep.com/main.php text/css #013 20131113085037406+127 sha1:WVGDSGNFR6SKNSFL7KHD4ZVIXM2TIIXQ - -
2013-11-13T08:50:40.752Z   200      10755 http://www.afsjeep.com/images/bcastr3.swf X http://www.afsjeep.com/main.php application/x-shockwave-flash #013 20131113085040554+142 sha1:Q3R7ZUFLRCXZNC66OSA2ZJSL6AFLGDAU - -
2013-11-13T08:50:42.864Z   301        241 http://get.adobe.com/flashplayer XR http://www.macromedia.com/go/getflashplayer text/html #006 20131113085039033+3825 sha1:PV2AVUSKNA3SW6MADS7VB6NZHD2Y27OW - 3t
2013-11-13T08:50:43.907Z   200       8321 http://www.afsjeep.com/Scripts/AC_RunActiveContent.js E http://www.afsjeep.com/main.php application/x-javascript #013 20131113085043754+123 sha1:I3CSLZNUSG75STPNSQ2RO6KVHRUJFQ76 - -
2013-11-13T08:50:47.333Z   200     210738 http://www.afsjeep.com/upimg/13625648039.jpg X http://www.afsjeep.com/main.php image/jpeg #013 20131113085046909+413 sha1:Y2EJPIQJL6KYXTFFPQYZLHHJKCJKCTZV - -
2013-11-13T08:50:50.588Z   200      66195 http://www.afsjeep.com/images/dz.png E http://www.afsjeep.com/main.php image/png #013 20131113085050334+249 sha1:N7YBZMP6QFYECNOXCY4E2YJAQWDCVGTK - -
2013-11-13T08:50:53.956Z   200     168113 http://www.afsjeep.com/upimg/135839162621.jpg X http://www.afsjeep.com/main.php image/jpeg #013 20131113085053621+326 sha1:FQXKUGQKRAVUUSR3X33UPDVNKI43KZVZ - -
2013-11-13T08:50:57.247Z   200      50854 http://www.afsjeep.com/images/top.swf L http://www.afsjeep.com/main.php application/x-shockwave-flash #013 20131113085056958+235 sha1:GJ7NEINE2YBIT7TCRQJ3BEQPOYN2HHNQ - -
2013-11-13T08:50:57.606Z     1         58 dns:670804886.taobao.com LEP http://670804886.taobao.com/ text/dns #018 20131113085057352+252 sha1:UDESLJ3DEF5EWN6GY3YJWHRIKMPQ5X5B - -
2013-11-13T08:50:57.768Z     1         58 dns:cweb.qs12315.com LEP http://cweb.qs12315.com/ text/dns #013 20131113085057248+519 sha1:YEH4AQARVB3XVNDBYIZXZ5RZ5MIWYOTR - -
2013-11-13T08:51:00.429Z   200       2039 http://www.afsjeep.com/index.php LE http://www.afsjeep.com/images/top.swf text/html #014 20131113085100350+69 sha1:VMQ4JETO4TNYMKXLGTMYIY7LTH5N6OXV - usingCharsetInHTML:UTF-8
2013-11-13T08:51:00.633Z   200         76 http://670804886.taobao.com/robots.txt LEP http://670804886.taobao.com/ text/plain #018 20131113085100608+22 sha1:YA5WPYFRAW6P62LLQKR5R672IUZSFW5B - -
2013-11-13T08:51:00.652Z   200       9662 http://www.adobe.com/favicon.ico XI http://www.adobe.com/shockwave/download/download.cgi?P1_Prod_Version=ShockwaveFlash image/x-icon #006 20131113085055874+4773 sha1:CFI3ZRTFNIWNJRCTO3QUV7VDZZRC7KHD - -
2013-11-13T08:51:01.028Z   404       1308 http://cweb.qs12315.com/robots.txt LEP http://cweb.qs12315.com/ text/html #013 20131113085100771+247 sha1:MRXRBEASXLAAB7Q3YWHUBUIS652IH4RK - usingCharsetInHTML:GB2312
2013-11-13T08:51:03.574Z   200       4354 http://www.afsjeep.com/xz.php LX http://www.afsjeep.com/images/top.swf text/html #014 20131113085103430+106 sha1:HY33AYPU7O3FDX6CIDWZXZNGWIZKGUZS - usingCharsetInHTML:UTF-8
2013-11-13T08:51:03.886Z   200      54136 http://670804886.taobao.com/ LE http://www.afsjeep.com/images/top.swf text/html #018 20131113085103634+107 sha1:QJBSN2IEIJL73FG5U5L3Q2IEBFPAZS7T - 3t
2013-11-13T08:51:04.132Z     1        125 dns:img02.taobaocdn.com LEEP http://img02.taobaocdn.com/ text/dns #018 20131113085103887+245 sha1:MJDP7UZQI3P3A2HSR4HDWXRNFULNT3ME - -
2013-11-13T08:51:04.189Z   200       1065 http://cweb.qs12315.com/ LE http://www.afsjeep.com/images/top.swf text/html #018 20131113085104133+49 sha1:XVYGMPDQGQL7D4GIRAAEIIPBMOIB734C - usingCharsetInHTML:UTF-8,3t
2013-11-13T08:51:04.264Z     1        169 dns:gqrcode.alicdn.com LEEP http://gqrcode.alicdn.com/img?type=cs&shop_id=71327985&seller_id=273954769&w=140&h=140&el=q&v=1 text/dns #018 20131113085104190+74 sha1:73HA5HPJXRBMEIGLYMEXVQRH2VK6726K - -
2013-11-13T08:51:04.337Z     1         66 dns:a.tbcdn.cn LEEP http://a.tbcdn.cn/s.gif text/dns #018 20131113085104265+71 sha1:SB4C6QBAGS2VFSEAEJO7S3KKJ2TNINUV - -
2013-11-13T08:51:04.374Z     1         63 dns:member1.taobao.com LEXP http://member1.taobao.com/member/loginByIm.do text/dns #018 20131113085104338+35 sha1:IV5QSZCO2ZJABG2JYOBVT3GRJNRHGVTH - -
2013-11-13T08:51:04.415Z     1         59 dns:log.mmstat.com LEEP http://log.mmstat.com/ text/dns #011 20131113085104378+36 sha1:I33JWQKLAENU67TOJTNKZOPYZPA55WGP - -
2013-11-13T08:51:04.416Z     1         59 dns:item.taobao.com LEEP http://item.taobao.com/ text/dns #019 20131113085104371+45 sha1:V7Z4ULRZT45O24ZG7MDBGG7LXJAZCPRO - -
2013-11-13T08:51:04.418Z     1         61 dns:ecrm.taobao.com LEXP http://ecrm.taobao.com/shopbonusapply/buyer_apply_result.htm text/dns #007 20131113085104380+37 sha1:RXAORBFY5MT4B4R5FQKTGF4TGEWGSUM4 - -
2013-11-13T08:51:04.451Z     1        229 dns:gtms01.alicdn.com LEEP http://gtms01.alicdn.com/tps/i1/T1Mk2UFidfXXcp9.bi-950-90.jpg text/dns #005 20131113085104375+75 sha1:NSORJQNNTE2WXHNHUFX6VDCHG34T6GFD - -
2013-11-13T08:51:04.452Z     1        121 dns:img04.taobaocdn.com LEEP http://img04.taobaocdn.com/ text/dns #021 20131113085104377+74 sha1:7H35RI4N52UJODU54SWYNGGIQPPBYXCQ - -
2013-11-13T08:51:04.452Z     1        119 dns:img01.taobaocdn.com LEEP http://img01.taobaocdn.com/bao/uploaded/i1/T11evhFaFaXXX7spjX.css text/dns #020 20131113085104352+100 sha1:M6LUFEF7IY3TDU6OJVJ6DAZ5WPB5OTND - -
2013-11-13T08:51:04.453Z     1         58 dns:store.taobao.com LEXP http://store.taobao.com/tadget/shop_stats.htm text/dns #002 20131113085104353+100 sha1:CXGK4YB2VH7DLX5XDPCVLZCHBBN7NFLO - -
2013-11-13T08:51:04.454Z     1        281 dns:img03.taobaocdn.com LEEP http://img03.taobaocdn.com/imgextra/i3/273954769/T2kQ3jXkhXXXXXXXXX_!!273954769.jpg text/dns #010 20131113085104352+102 sha1:TVQNYTQWMI526RGWIHQZI6WDJ4TCB2ML - -
2013-11-13T08:51:04.489Z     1        117 dns:www.taobao.com LEEP http://www.taobao.com/favicon.ico text/dns #024 20131113085104396+92 sha1:VPIWC36NNM2OFZK3EVQLVP4OVEDAUAER - -
2013-11-13T08:51:04.499Z     1         55 dns:cx.qs12315.com LEEP http://cx.qs12315.com:828/cm.html text/dns #012 20131113085104407+91 sha1:PBU5JADKQGMQQODGWE53NL3MACX6FCEW - -
2013-11-13T08:51:04.544Z     1        179 dns:jp.rd.yahoo.com LEXP http://jp.rd.yahoo.com/SIG=10uaccr0v/D=maps/Y=YAHOO/EXP=1288992407/ text/dns #009 20131113085104371+172 sha1:BERZERQLJ44DI5F5LOA7JXFJ4MXZRPZU - -
2013-11-13T08:51:04.646Z     1        103 dns:g.tbcdn.cn LEEP http://g.tbcdn.cn/??kissy/k/1.3.2/seed-min.js,tb/global/2.2.19/global-min.js text/dns #008 20131113085104349+297 sha1:KKRBT7U6TTVKGW7FLUWMGDSJWZIPCZB5 - -
2013-11-13T08:51:04.661Z     1        228 dns:fandiaoyu.taobao.com LEXP http://fandiaoyu.taobao.com/ text/dns #015 20131113085104380+280 sha1:SFM2VIAVQB2BTXU2EIO6TLLJB3GIYOJZ - -
2013-11-13T08:51:04.763Z     1         69 dns:pics.taobaocdn.com LEEP http://pics.taobaocdn.com/newrank/s_red_5.gif text/dns #001 20131113085104401+361 sha1:SZMLJCBG2LQEQXS74IXB3VQG426CIR5J - -
2013-11-13T08:51:06.749Z   200       7969 http://www.afsjeep.com/story.php LX http://www.afsjeep.com/images/top.swf text/html #014 20131113085106577+122 sha1:QKJFI4R5TMSAUAKCFO4AFSMK2R45A7BW - usingCharsetInHTML:UTF-8
2013-11-13T08:51:07.472Z   200       1065 http://cweb.qs12315.com/index.html LER http://cweb.qs12315.com/ text/html #016 20131113085107412+53 sha1:XVYGMPDQGQL7D4GIRAAEIIPBMOIB734C - usingCharsetInHTML:UTF-8
2013-11-13T08:51:07.496Z   404         49 http://img02.taobaocdn.com/robots.txt LEEP http://img02.taobaocdn.com/ image/gif #011 20131113085107424+70 sha1:NPOLGLXHL2KXUUEFYAIPJX6QY4LL7WW4 - -
2013-11-13T08:51:07.512Z   404         49 http://img01.taobaocdn.com/robots.txt LEEP http://img01.taobaocdn.com/bao/uploaded/i1/T11evhFaFaXXX7spjX.css image/gif #020 20131113085107457+54 sha1:NPOLGLXHL2KXUUEFYAIPJX6QY4LL7WW4 - -
2013-11-13T08:51:07.521Z   200         78 http://item.taobao.com/robots.txt LEEP http://item.taobao.com/ text/plain #005 20131113085107452+68 sha1:QXSBKF26RCBKFCGJ45IVP72W7FIILM23 - -
2013-11-13T08:51:07.522Z   404          0 http://ecrm.taobao.com/robots.txt LEXP http://ecrm.taobao.com/shopbonusapply/buyer_apply_result.htm unknown #021 20131113085107454+67 sha1:3I42H3S6NNFQ2MSVX7XZKYAYSCX5QBYJ - -
2013-11-13T08:51:07.523Z   302        260 http://gqrcode.alicdn.com/robots.txt LEEP http://gqrcode.alicdn.com/img?type=cs&shop_id=71327985&seller_id=273954769&w=140&h=140&el=q&v=1 text/html #019 20131113085107432+90 sha1:ETKGUBUNXAMIJ4Z6O7QG3HSJRDCVFG7H - -
2013-11-13T08:51:07.525Z   200         76 http://store.taobao.com/robots.txt LEXP http://store.taobao.com/tadget/shop_stats.htm text/plain #010 20131113085107458+65 sha1:YA5WPYFRAW6P62LLQKR5R672IUZSFW5B - -
2013-11-13T08:51:07.526Z   200         43 http://log.mmstat.com/robots.txt LEEP http://log.mmstat.com/ image/gif #025 20131113085107449+74 sha1:KCZQ7VPYPSC74XF2EY24XAZRNSTREUGX - -
2013-11-13T08:51:07.526Z   302        260 http://member1.taobao.com/robots.txt LEXP http://member1.taobao.com/member/loginByIm.do text/html #018 20131113085107447+77 sha1:ETKGUBUNXAMIJ4Z6O7QG3HSJRDCVFG7H - -
2013-11-13T08:51:07.527Z   302        260 http://670804886.taobao.com/.tbcdn.cn/s/aplus_v2.js LEX http://670804886.taobao.com/ text/html #022 20131113085107408+116 sha1:ETKGUBUNXAMIJ4Z6O7QG3HSJRDCVFG7H - -
2013-11-13T08:51:07.561Z   404         49 http://gtms01.alicdn.com/robots.txt LEEP http://gtms01.alicdn.com/tps/i1/T1Mk2UFidfXXcp9.bi-950-90.jpg image/gif #002 20131113085107457+103 sha1:NPOLGLXHL2KXUUEFYAIPJX6QY4LL7WW4 - -
2013-11-13T08:51:07.570Z   404         49 http://img04.taobaocdn.com/robots.txt LEEP http://img04.taobaocdn.com/ image/gif #016 20131113085107473+96 sha1:NPOLGLXHL2KXUUEFYAIPJX6QY4LL7WW4 - -
2013-11-13T08:51:07.586Z   404         49 http://img03.taobaocdn.com/robots.txt LEEP http://img03.taobaocdn.com/imgextra/i3/273954769/T2kQ3jXkhXXXXXXXXX_!!273954769.jpg image/gif #023 20131113085107483+102 sha1:NPOLGLXHL2KXUUEFYAIPJX6QY4LL7WW4 - -
2013-11-13T08:51:07.599Z     1        423 dns:err.taobao.com LEXRP http://err.taobao.com/error1.html text/dns #022 20131113085107528+70 sha1:OEYFZJMW4N7VALGSZJ6HPCZHJKWTCGUP - -
2013-11-13T08:51:07.872Z   404         49 http://pics.taobaocdn.com/robots.txt LEEP http://pics.taobaocdn.com/newrank/s_red_5.gif image/gif #001 20131113085107767+100 sha1:NPOLGLXHL2KXUUEFYAIPJX6QY4LL7WW4 - -
2013-11-13T08:51:08.153Z   301        147 http://jp.rd.yahoo.com/robots.txt LEXP http://jp.rd.yahoo.com/SIG=10uaccr0v/D=maps/Y=YAHOO/EXP=1288992407/ text/html #009 20131113085107546+601 sha1:KREBZEQFQU3QMZ7E5IDUO4IFUG3Y6XMZ - -
2013-11-13T08:51:08.214Z   404        580 http://a.tbcdn.cn/robots.txt LEEP http://a.tbcdn.cn/s.gif text/html #007 20131113085107437+775 sha1:FV4BNN4PCNMM6NDRTSRWT3T4UPAW5R66 - -
2013-11-13T08:51:08.894Z   200      22783 http://get.adobe.com/flashplayer/ XR http://www.adobe.com/shockwave/download/download.cgi?P1_Prod_Version=ShockwaveFlash text/html #013 20131113085102028+6796 sha1:QWSTSYIA2VLQKTERK5QUTJVIOLCBO2MU - -
2013-11-13T08:51:08.958Z   404        587 http://g.tbcdn.cn/robots.txt LEEP http://g.tbcdn.cn/??kissy/k/1.3.2/seed-min.js,tb/global/2.2.19/global-min.js text/html #008 20131113085107648+1307 sha1:GRKC2MHB27SUS7PZBVKYV7JS2UQYFVYV - -
2013-11-13T08:51:09.001Z     1         65 dns:stats.adobe.com XREP http://stats.adobe.com/b/ss/adbacdcprod/1/H.24.4T/0?pageName=ACDC%5FNoscript&g=http://get.adobe.com&ch=ACDC%5FNoscript text/dns #008 20131113085108961+39 sha1:DDOZGC6ZLQPQD7P7KJ43VXXFOZZHGIRO - -
2013-11-13T08:51:09.097Z     1         61 dns:fonts.adobe.com XREP http://fonts.adobe.com/yoe7ink.js text/dns #008 20131113085109004+93 sha1:76FH4UQQCAXBMZJLZGZ26CHSOMMAELWS - -
2013-11-13T08:51:09.644Z     1         99 dns:wwwimages.adobe.com XREP http://wwwimages.adobe.com/www.adobe.com/downloadcenter/singlepage/live/js/jquery/jquery-ui.min.js text/dns #013 20131113085108895+749 sha1:Q56LQ4SZBYXUNZMHJASKZAEVW6OM4MMF - -
2013-11-13T08:51:09.822Z   404       1635 http://www.afsjeep.com/av,5e,1h.5e.Z EX http://v3.jiathis.com/code/jia.js?uid=1358326034125147 text/html #014 20131113085109750+67 sha1:6BSJ7FEV2H2WNI7WSAACAUFYPAALJPHC - usingCharsetInHTML:windows-1252
2013-11-13T08:51:10.900Z   200        900 http://pics.taobaocdn.com/newrank/s_red_5.gif LEE http://670804886.taobao.com/ image/gif #001 20131113085110874+23 sha1:5M3O7JUUYQTZFRNYPNMWVTO5C4PLHX5C - 3t
2013-11-13T08:51:11.810Z   301        147 http://jp.rd.yahoo.com/SIG=10uaccr0v/D=maps/Y=YAHOO/EXP=1288992407/ LEX http://670804886.taobao.com/ text/html #007 20131113085111216+586 sha1:V44Q6IMZKDN744KYHF3Y53DJPAILIKJ7 - 3t
2013-11-13T08:51:11.854Z     1         57 dns:www.yahoo.co.jp LEXRP http://www.yahoo.co.jp/ text/dns #007 20131113085111813+40 sha1:3HM7JEH2EHHBSQSWYZPDS5T24PQUNHBG - -
2013-11-13T08:51:12.552Z   200         24 http://stats.adobe.com/robots.txt XREP http://stats.adobe.com/b/ss/adbacdcprod/1/H.24.4T/0?pageName=ACDC%5FNoscript&g=http://get.adobe.com&ch=ACDC%5FNoscript text/plain #009 20131113085112158+391 sha1:YR6M6GSJYJGMLBBEGCVHLRZO6SISSJAS - -
2013-11-13T08:51:12.875Z   200         43 http://a.tbcdn.cn/s.gif LEE http://670804886.taobao.com/ image/gif #008 20131113085112100+774 sha1:FWXKVC27DHYLYIE5S5WAFPLKZNI3ACYK - 3t
2013-11-13T08:51:12.892Z   404       1635 http://www.afsjeep.com/%C3%A7%C2%99%C2%BE%C3%A5%C2%BA%C2%A6%C3%A8%C2%B4%C2%B4%C3%A5%C2%90%C2%A7,84,52.32.Z EX http://v3.jiathis.com/code/jia.js?uid=1358326034125147 text/html #014 20131113085112824+65 sha1:6BSJ7FEV2H2WNI7WSAACAUFYPAALJPHC - usingCharsetInHTML:windows-1252
2013-11-13T08:51:13.213Z   403        280 http://fonts.adobe.com/robots.txt XREP http://fonts.adobe.com/yoe7ink.js text/html #009 20131113085112553+656 sha1:7ZPHF6RIRLP6IIRSKPUHYHREDZH3DE7U - -
2013-11-13T08:51:13.512Z   404         49 http://img02.taobaocdn.com/ LEE http://670804886.taobao.com/ image/gif #017 20131113085110508+3003 sha1:NPOLGLXHL2KXUUEFYAIPJX6QY4LL7WW4 - 3t
2013-11-13T08:51:13.525Z   200        196 http://img01.taobaocdn.com/bao/uploaded/i1/T11evhFaFaXXX7spjX.css LEE http://670804886.taobao.com/ text/css #020 20131113085110513+3010 sha1:76QTD47PLPX3MPGFXD7IZSUXXZVTEWLK - 3t
2013-11-13T08:51:13.549Z   200          0 http://item.taobao.com/ LEE http://670804886.taobao.com/ text/plain #005 20131113085110522+3026 sha1:3I42H3S6NNFQ2MSVX7XZKYAYSCX5QBYJ - 3t
2013-11-13T08:51:13.554Z   302          0 http://ecrm.taobao.com/shopbonusapply/buyer_apply_result.htm LEX http://670804886.taobao.com/ unknown #021 20131113085110523+3028 sha1:3I42H3S6NNFQ2MSVX7XZKYAYSCX5QBYJ - 3t
2013-11-13T08:51:13.558Z   200       4056 http://gqrcode.alicdn.com/img?type=cs&shop_id=71327985&seller_id=273954769&w=140&h=140&el=q&v=1 LEE http://670804886.taobao.com/ unknown #019 20131113085110524+3033 sha1:AWLUKMTZUR7CW7JOMFLOHIKIJMMAZPFD - 3t
2013-11-13T08:51:13.561Z   200         43 http://log.mmstat.com/ LEE http://670804886.taobao.com/ image/gif #018 20131113085110526+3034 sha1:KCZQ7VPYPSC74XF2EY24XAZRNSTREUGX - 3t
2013-11-13T08:51:13.568Z   302        260 http://member1.taobao.com/member/loginByIm.do LEX http://670804886.taobao.com/ text/html #025 20131113085110527+3038 sha1:ETKGUBUNXAMIJ4Z6O7QG3HSJRDCVFG7H - 3t
2013-11-13T08:51:13.568Z   200         17 http://store.taobao.com/tadget/shop_stats.htm LEX http://670804886.taobao.com/ text/html #010 20131113085110525+3042 sha1:MDZ5FPRMX44JDL3JBJUD44MFHBA32WU2 - 3t
2013-11-13T08:51:13.575Z   200      15687 http://cweb.qs12315.com/images/caiweb_01.jpg LEE http://cweb.qs12315.com/ image/jpeg #011 20131113085110497+3076 sha1:5MJAX7YRGHHVA466XQXXZ474Y5BKJJ2H - -
2013-11-13T08:51:13.581Z   302        260 http://670804886.taobao.com/;t.async=true;t.id= LEX http://670804886.taobao.com/ text/html #002 20131113085110561+3017 sha1:ETKGUBUNXAMIJ4Z6O7QG3HSJRDCVFG7H - -
2013-11-13T08:51:13.679Z   404         49 http://img04.taobaocdn.com/ LEE http://670804886.taobao.com/ image/gif #004 20131113085110571+3105 sha1:NPOLGLXHL2KXUUEFYAIPJX6QY4LL7WW4 - 3t
2013-11-13T08:51:13.742Z   200      56380 http://img03.taobaocdn.com/imgextra/i3/273954769/T2kQ3jXkhXXXXXXXXX_!!273954769.jpg LEE http://670804886.taobao.com/ image/jpeg #023 20131113085110587+3151 sha1:6NZIUWLS6OOTAPSW3GD7S6EM5KNXFJTQ - 3t
2013-11-13T08:51:13.746Z   200      52150 http://gtms01.alicdn.com/tps/i1/T1Mk2UFidfXXcp9.bi-950-90.jpg LEE http://670804886.taobao.com/ image/jpeg #016 20131113085110570+3173 sha1:3NJMZBEYSX23VZNAEVFKJTKZDIMVW6YY - 3t
2013-11-13T08:51:14.265Z   200       6024 http://wwwimages.adobe.com/robots.txt XREP http://wwwimages.adobe.com/www.adobe.com/downloadcenter/singlepage/live/js/jquery/jquery-ui.min.js text/plain #017 20131113085113513+748 sha1:DE7RVPXTNIN23CER53XBJGEFPQHHXW7G - -
2013-11-13T08:51:14.384Z   200     163404 http://err.taobao.com/robots.txt LEXRP http://err.taobao.com/error1.html text/html #022 20131113085110600+3276 sha1:ECGJGXJLOL543YYALEZN36LEAQOQS52I - -
2013-11-13T08:51:15.216Z   404       1624 http://www.yahoo.co.jp/robots.txt LEXRP http://www.yahoo.co.jp/ text/html #007 20131113085114862+349 sha1:5VXV3KXJYL5HSK23XGFHZ36QV2KV2GJW - -
2013-11-13T08:51:15.961Z   404       1635 http://www.afsjeep.com/%C3%A6%C2%98%C2%8E%C3%A9%C2%81%C2%93,8g,1h.8h.Z EX http://v3.jiathis.com/code/jia.js?uid=1358326034125147 text/html #014 20131113085115893+64 sha1:6BSJ7FEV2H2WNI7WSAACAUFYPAALJPHC - usingCharsetInHTML:windows-1252
2013-11-13T08:51:15.999Z   302          0 http://stats.adobe.com/b/ss/adbacdcprod/1/H.24.4T/0?pageName=ACDC%5FNoscript&g=http://get.adobe.com&ch=ACDC%5FNoscript XRE http://get.adobe.com/flashplayer/ text/plain #021 20131113085115556+438 sha1:3I42H3S6NNFQ2MSVX7XZKYAYSCX5QBYJ - 3t
2013-11-13T08:51:16.087Z   403        643 http://g.tbcdn.cn/??kissy/k/1.3.2/seed-min.js,tb/global/2.2.19/global-min.js LEE http://670804886.taobao.com/ text/html #020 20131113085115526+559 sha1:JVOJPCNT6EGBDGGTDCH26D2S5J2OPGJ5 - 3t
2013-11-13T08:51:16.676Z   200         73 http://fandiaoyu.taobao.com/robots.txt LEXP http://fandiaoyu.taobao.com/ text/plain #015 20131113085107663+9011 sha1:3LJPB3MWMFF3IXGLKCKK77HE2QJL5TX6 - -
2013-11-13T08:51:17.275Z   200         73 http://www.taobao.com/robots.txt LEEP http://www.taobao.com/favicon.ico text/plain #024 20131113085107491+9781 sha1:3LJPB3MWMFF3IXGLKCKK77HE2QJL5TX6 - -
2013-11-13T08:51:17.640Z   200      20583 http://fonts.adobe.com/yoe7ink.js XRE http://get.adobe.com/flashplayer/ application/javascript #005 20131113085116551+1028 sha1:PQIH5MUP23BC3KAPWAK7OZKEKQQBQTM2 - 3t
2013-11-13T08:51:19.035Z   404       1635 http://www.afsjeep.com/d4.Z EX http://v3.jiathis.com/code/jia.js?uid=1358326034125147 text/html #014 20131113085118962+71 sha1:6BSJ7FEV2H2WNI7WSAACAUFYPAALJPHC - usingCharsetInHTML:windows-1252
2013-11-13T08:51:19.464Z   200         43 http://stats.adobe.com/b/ss/adbacdcprod/1/H.24.4T/0?AQB=1&pccr=true&vidn=29419EC1852AB7C4-60000302000F7362&pageName=ACDC%5FNoscript&g=http://get.adobe.com&ch=ACDC%5FNoscript&AQE=1 XRER http://stats.adobe.com/b/ss/adbacdcprod/1/H.24.4T/0?pageName=ACDC%5FNoscript&g=http://get.adobe.com&ch=ACDC%5FNoscript image/gif #021 20131113085118999+462 sha1:UVCFHBUDULP6K5HOWLRVRLEPZR4CRHKQ - -
2013-11-13T08:51:20.132Z   200     228002 http://wwwimages.adobe.com/www.adobe.com/downloadcenter/singlepage/live/js/jquery/jquery-ui.min.js XRE http://get.adobe.com/flashplayer/ application/x-javascript #020 20131113085118089+1501 sha1:GJRTTYFY5Y2RUHTQN5VRZOTXFZSND7YZ - 3t
2013-11-13T08:51:20.419Z   403        669 http://a.tbcdn.cn/??/apps/taesite/platinum/stylesheet/common/modules-sys-blue-ch-new-min.css?t=20121031.css LEE http://670804886.taobao.com/ text/html #016 20131113085116764+3654 sha1:5XXDKLLKIJRQAC5HYUZBWVQVAPTFV2QK - -
2013-11-13T08:51:20.729Z   200      24813 http://g.tbcdn.cn/tb/global/2.2.19/global-min.css LEE http://670804886.taobao.com/ text/css #009 20131113085119215+1460 sha1:3CTJWJNBOZNISUVBEMX27KEEAV3KWC63 - -
2013-11-13T08:51:21.140Z   200      24798 http://www.yahoo.co.jp/ LEXR http://jp.rd.yahoo.com/SIG=10uaccr0v/D=maps/Y=YAHOO/EXP=1288992407/ text/html #007 20131113085118219+2835 sha1:Q32S3XDALJ7PDPUDEYKS3CH6RCN7IHKX - 3t
2013-11-13T08:51:22.111Z   404       1635 http://www.afsjeep.com/;e.13.6G= EX http://v3.jiathis.com/code/jia.js?uid=1358326034125147 text/html #014 20131113085122037+67 sha1:6BSJ7FEV2H2WNI7WSAACAUFYPAALJPHC - usingCharsetInHTML:windows-1252
2013-11-13T08:51:22.932Z   200         43 http://stats.adobe.com/b/ss/mxmacromedia/1/H.24.4T/0?pageName=ACDC%5FNoscript&g=http%3A//get.adobe.com/&ch=ACDC%5FNoscript&server=Dylan XRE http://get.adobe.com/flashplayer/ image/gif #021 20131113085122465+464 sha1:UVCFHBUDULP6K5HOWLRVRLEPZR4CRHKQ - -
2013-11-13T08:51:25.182Z   404       1635 http://www.afsjeep.com/%C3%A6%C2%9C%C2%89%C3%A9%C2%81%C2%93%C3%A4%C2%B9%C2%A6%C3%A7%C2%AD%C2%BE,8v,54.4X.Z EX http://v3.jiathis.com/code/jia.js?uid=1358326034125147 text/html #014 20131113085125111+69 sha1:6BSJ7FEV2H2WNI7WSAACAUFYPAALJPHC - usingCharsetInHTML:windows-1252
2013-11-13T08:51:28.259Z   404       1635 http://www.afsjeep.com/:T.fl, EX http://v3.jiathis.com/code/jia.js?uid=1358326034125147 text/html #014 20131113085128185+66 sha1:6BSJ7FEV2H2WNI7WSAACAUFYPAALJPHC - usingCharsetInHTML:windows-1252
2013-11-13T08:51:28.656Z   404         49 http://img01.taobaocdn.com/ LEE http://670804886.taobao.com/ image/gif #025 20131113085128578+76 sha1:NPOLGLXHL2KXUUEFYAIPJX6QY4LL7WW4 - -
2013-11-13T08:51:28.701Z   302        260 http://670804886.taobao.com/==d.location.protocol LEX http://670804886.taobao.com/ text/html #015 20131113085128678+21 sha1:ETKGUBUNXAMIJ4Z6O7QG3HSJRDCVFG7H - -
2013-11-13T08:51:28.919Z   302          0 http://member1.taobao.com/member/login.jhtml?redirectURL=http%3A%2F%2Fecrm.taobao.com%2Fshopbonusapply%2Fbuyer_apply_result.htm LEXR http://ecrm.taobao.com/shopbonusapply/buyer_apply_result.htm text/html #008 20131113085128882+26 sha1:3I42H3S6NNFQ2MSVX7XZKYAYSCX5QBYJ - -
2013-11-13T08:51:28.964Z     1         61 dns:login.taobao.com LEXRRP https://login.taobao.com/member/login.jhtml?redirectURL=http%3A%2F%2Fecrm.taobao.com%2Fshopbonusapply%2Fbuyer_apply_result.htm text/dns #008 20131113085128923+40 sha1:Q4HQMCOWTJPSTHFCBTSK54VV33M7O5OM - -
2013-11-13T08:51:29.219Z   404       1308 http://cweb.qs12315.com/favicon.ico LEI http://cweb.qs12315.com/ text/html #008 20131113085128964+246 sha1:MRXRBEASXLAAB7Q3YWHUBUIS652IH4RK - usingCharsetInHTML:GB2312
2013-11-13T08:51:29.347Z   200       1419 http://wwwimages.adobe.com/www.adobe.com/downloadcenter/singlepage/live/css/reset.css XRE http://get.adobe.com/flashplayer/ text/css #005 20131113085127643+1697 sha1:TDYD4PFMF5N3NDJFXV7XVSGX3DK5PZAL - -
2013-11-13T08:51:29.602Z   404         49 http://img03.taobaocdn.com/ LEE http://670804886.taobao.com/ image/gif #012 20131113085129504+95 sha1:NPOLGLXHL2KXUUEFYAIPJX6QY4LL7WW4 - -
2013-11-13T08:51:31.138Z   200      21293 http://err.taobao.com/error1.html LEXR http://670804886.taobao.com/.tbcdn.cn/s/aplus_v2.js text/html #021 20131113085130943+137 sha1:R4XWOWPYHQHV4PMZAVH7T3HMSKQ7B2XU - 3t
2013-11-13T08:51:31.332Z   404       1635 http://www.afsjeep.com/fb.3e?17= EX http://v3.jiathis.com/code/jia.js?uid=1358326034125147 text/html #014 20131113085131261+66 sha1:6BSJ7FEV2H2WNI7WSAACAUFYPAALJPHC - usingCharsetInHTML:windows-1252
2013-11-13T08:51:31.680Z   200       2678 http://img01.taobaocdn.com/tps/i1/T1XgzaXX0kXXaXezbh-48-70.png LEE http://670804886.taobao.com/ image/png #025 20131113085131657+21 sha1:P5D4J47B5LPUZ56N7G6VP44JGXTX2LQO - -
2013-11-13T08:51:31.725Z   200       1150 http://670804886.taobao.com/favicon.ico LEI http://670804886.taobao.com/ image/x-icon #015 20131113085131702+21 sha1:V4ZNFJGSEE6XGTGKPXPQVUYJXIH5FI5Y - -
2013-11-13T08:51:32.305Z   200      12500 http://cweb.qs12315.com/images/caiweb_03.jpg LEE http://cweb.qs12315.com/ image/jpeg #008 20131113085132219+79 sha1:2UKP5ERJKKZKF72PZUSROCRBAVTX4SO4 - -
2013-11-13T08:51:34.235Z   200       1846 http://err.taobao.com/error2.html LEXR http://member1.taobao.com/member/loginByIm.do text/html #021 20131113085134141+71 sha1:7IIPSWIZ4UDT3XEYJQWF676IU2LIJEQA - -
2013-11-13T08:51:34.412Z   404       1635 http://www.afsjeep.com/8X%C3%A9%C2%82%C2%AE%C3%A7%C2%AE%C2%B1,8Y,58.3D.Z EX http://v3.jiathis.com/code/jia.js?uid=1358326034125147 text/html #014 20131113085134332+68 sha1:6BSJ7FEV2H2WNI7WSAACAUFYPAALJPHC - usingCharsetInHTML:windows-1252
2013-11-13T08:51:34.733Z   200        212 http://img01.taobaocdn.com/tps/i1/T1I_56Xl0wXXXXXXXX-104-1.png LEE http://670804886.taobao.com/ image/png #025 20131113085134682+48 sha1:SUDZR3EYSTGCYAI6SLOI7N4OEJUOMA6W - -
2013-11-13T08:51:35.349Z   200         37 http://cweb.qs12315.com/images/bg.GIF LEE http://cweb.qs12315.com/ image/gif #008 20131113085135307+39 sha1:CSKLLVV3MLEVOXJX2O4Q7B2HGUBZFDAZ - -
2013-11-13T08:51:37.492Z   404       1635 http://www.afsjeep.com/br,5g,5g.Z EX http://v3.jiathis.com/code/jia.js?uid=1358326034125147 text/html #014 20131113085137415+70 sha1:6BSJ7FEV2H2WNI7WSAACAUFYPAALJPHC - usingCharsetInHTML:windows-1252
2013-11-13T08:51:37.766Z   200       3563 http://img01.taobaocdn.com/tps/i1/T1lKXaXp4hXXcgU5U6-113-21.png LEE http://670804886.taobao.com/ image/png #025 20131113085137736+24 sha1:4DGSHI4XYDSKLTCLFN3XNUFWIGYMTFTL - -
2013-11-13T08:51:38.459Z   200      28921 http://cweb.qs12315.com/images/caiweb_02.jpg LEE http://cweb.qs12315.com/ image/jpeg #005 20131113085138351+106 sha1:4NZPL5NQJYXMJVE62N676PBQLWBGZFJO - -
2013-11-13T08:51:38.526Z   200         75 https://login.taobao.com/robots.txt LEXRRP https://login.taobao.com/member/login.jhtml?redirectURL=http%3A%2F%2Fecrm.taobao.com%2Fshopbonusapply%2Fbuyer_apply_result.htm text/plain #020 20131113085132141+6384 sha1:3V356ANNIFQOLKXLWQJJPDGFT72HCGTV - -
2013-11-13T08:51:38.886Z   200      19512 http://wwwimages.adobe.com/www.adobe.com/downloadcenter/singlepage/live/css/core.css XRE http://get.adobe.com/flashplayer/ text/css #001 20131113085137953+912 sha1:M75VVIXK3QAVZO36VUEEMLXVG2FGTCM6 - -
2013-11-13T08:51:39.566Z   200       6368 http://a.tbcdn.cn/apps/taesite/platinum/scripts/wangpu/init-min.js?t=20130524.js LEE http://670804886.taobao.com/ application/x-javascript #015 20131113085138726+783 sha1:O5ZMXUGO5FAACKXPAUGTV2TWPRN2MCAL - -
2013-11-13T08:51:40.571Z   404       1635 http://www.afsjeep.com/ew.2K EX http://v3.jiathis.com/code/jia.js?uid=1358326034125147 text/html #014 20131113085140493+68 sha1:6BSJ7FEV2H2WNI7WSAACAUFYPAALJPHC - usingCharsetInHTML:windows-1252
2013-11-13T08:51:40.786Z   200       5020 http://img01.taobaocdn.com/tps/i1/T1MMPaXkNjXXaXezbh-48-70.png LEE http://670804886.taobao.com/ image/png #025 20131113085140767+17 sha1:SA2HG5EHR572NOQCT45VPUJKAKZSJWBM - -
2013-11-13T08:51:41.770Z   200      23641 http://cweb.qs12315.com/images/caiweb_06.jpg LEE http://cweb.qs12315.com/ image/jpeg #005 20131113085141460+305 sha1:WGRCNA4TGGJ5RXCS33REUJ6PEE6PHACU - -
2013-11-13T08:51:43.647Z   404       1635 http://www.afsjeep.com/%C3%A6%C2%B7%C2%98%C3%A6%C2%B1%C2%9F%C3%A6%C2%B9%C2%96,7I,i.3E.Z EX http://v3.jiathis.com/code/jia.js?uid=1358326034125147 text/html #019 20131113085143570+67 sha1:6BSJ7FEV2H2WNI7WSAACAUFYPAALJPHC - usingCharsetInHTML:windows-1252
2013-11-13T08:51:43.820Z   200      15145 http://img01.taobaocdn.com/bao/uploaded/i1/T1CDVnFkhcXXb1upjX.jpg LEE http://670804886.taobao.com/ image/jpeg #025 20131113085143787+29 sha1:I5PFTRLL4NFF7BHCIF5XCJFSO7J5YX6L - -
2013-11-13T08:51:44.168Z   403        581 http://a.tbcdn.cn/ LEX http://670804886.taobao.com/ text/html #015 20131113085143566+600 sha1:BX5P2DUT4252YEFKJ74NPYB3GVLS5QVX - -
2013-11-13T08:51:44.859Z   200       9977 http://cweb.qs12315.com/images/caiweb_05.jpg LEE http://cweb.qs12315.com/ image/jpeg #005 20131113085144783+72 sha1:GAYNQAFMADU5T7ZUKGDU6EN5CYYRRCUL - -
2013-11-13T08:51:46.269Z   200     112673 http://wwwimages.adobe.com/www.adobe.com/downloadcenter/js/live/polarbear.js XRE http://get.adobe.com/flashplayer/ application/x-javascript #020 20131113085143527+2575 sha1:VJ3UVXMJ2ODF2R637QLJHELZZJ2ZDWIA - -
2013-11-13T08:51:46.722Z   302          0 http://fandiaoyu.taobao.com/ LEX http://670804886.taobao.com/ text/html #004 20131113085146686+27 sha1:3I42H3S6NNFQ2MSVX7XZKYAYSCX5QBYJ - 3t
2013-11-13T08:51:46.726Z   404       1635 http://www.afsjeep.com/ak,5c,1h.5c.Z EX http://v3.jiathis.com/code/jia.js?uid=1358326034125147 text/html #019 20131113085146649+68 sha1:6BSJ7FEV2H2WNI7WSAACAUFYPAALJPHC - usingCharsetInHTML:windows-1252
2013-11-13T08:51:46.752Z   302          0 http://member1.taobao.com/member/safe/pindao/operate_set.htm LEXR http://fandiaoyu.taobao.com/ unknown #004 20131113085146723+26 sha1:3I42H3S6NNFQ2MSVX7XZKYAYSCX5QBYJ - -
2013-11-13T08:51:47.995Z   200       1150 http://www.taobao.com/favicon.ico LEE http://670804886.taobao.com/ image/x-icon #024 20131113085147286+705 sha1:V4ZNFJGSEE6XGTGKPXPQVUYJXIH5FI5Y - 3t
2013-11-13T08:51:49.172Z   200       1150 http://get.adobe.com/favicon.ico XRI http://get.adobe.com/flashplayer image/x-icon #007 20131113085139145+10025 sha1:GMW5NWOZ6D5MJLEUCH3JDIEURJMAEIIM - -
2013-11-13T08:51:49.809Z   200       2039 http://www.afsjeep.com/ EX http://v3.jiathis.com/code/jia.js?uid=1358326034125147 text/html #019 20131113085149728+69 sha1:VMQ4JETO4TNYMKXLGTMYIY7LTH5N6OXV - usingCharsetInHTML:UTF-8
2013-11-13T08:51:52.881Z   404       1635 http://www.afsjeep.com/cZ.cn EX http://v3.jiathis.com/code/jia.js?uid=1358326034125147 text/html #019 20131113085152811+67 sha1:6BSJ7FEV2H2WNI7WSAACAUFYPAALJPHC - usingCharsetInHTML:windows-1252
2013-11-13T08:51:55.948Z   404       1635 http://www.afsjeep.com/%C3%A5%C2%92%C2%8C%C3%A8%C2%AE%C2%AF%C3%A5%C2%BE%C2%AE%C3%A5%C2%8D%C2%9A,ab,t.59.Z EX http://v3.jiathis.com/code/jia.js?uid=1358326034125147 text/html #019 20131113085155882+64 sha1:6BSJ7FEV2H2WNI7WSAACAUFYPAALJPHC - usingCharsetInHTML:windows-1252
2013-11-13T08:51:59.024Z   404       1635 http://www.afsjeep.com/%C3%A8%C2%B4%C2%A2%C3%A8%C2%BF%C2%B7,cm,t.9x.Z EX http://v3.jiathis.com/code/jia.js?uid=1358326034125147 text/html #019 20131113085158949+68 sha1:6BSJ7FEV2H2WNI7WSAACAUFYPAALJPHC - usingCharsetInHTML:windows-1252
2013-11-13T08:51:59.566Z   200       5744 http://wwwimages.adobe.com/www.adobe.com/downloadcenter/singlepage/live/js/core.js XRE http://get.adobe.com/flashplayer/ application/x-javascript #007 20131113085159174+359 sha1:XBUEDHIKBDDKQUOVAMQ4CTIAWC7PBIVU - -
2013-11-13T08:52:02.111Z   404       1635 http://www.afsjeep.com/2m%C3%A7%C2%A9%C2%BA%C3%A9%C2%97%C2%B4,7l,4U.2n.1L.Z EX http://v3.jiathis.com/code/jia.js?uid=1358326034125147 text/html #019 20131113085202024+78 sha1:6BSJ7FEV2H2WNI7WSAACAUFYPAALJPHC - usingCharsetInHTML:windows-1252
2013-11-13T08:52:04.298Z   200       9886 http://wwwimages.adobe.com/www.adobe.com/downloadcenter/singlepage/live/js/jquery/plugins/cookies/cookies.js XRE http://get.adobe.com/flashplayer/ application/x-javascript #007 20131113085202566+1715 sha1:2YEJ67YSIHMOPTKKGD5EFDYP2OCXAHQW - -
2013-11-13T08:52:05.194Z   404       1635 http://www.afsjeep.com/2x/eh.2x EX http://v3.jiathis.com/code/jia.js?uid=1358326034125147 text/html #019 20131113085205113+73 sha1:6BSJ7FEV2H2WNI7WSAACAUFYPAALJPHC - usingCharsetInHTML:windows-1252
2013-11-13T08:52:08.273Z   404       1635 http://www.afsjeep.com/%C3%A7%C2%B2%C2%89%C3%A4%C2%B8%C2%9D%C3%A7%C2%BD%C2%91,8L,8M.8N.Z EX http://v3.jiathis.com/code/jia.js?uid=1358326034125147 text/html #019 20131113085208196+68 sha1:6BSJ7FEV2H2WNI7WSAACAUFYPAALJPHC - usingCharsetInHTML:windows-1252
2013-11-13T08:52:08.800Z   200      22868 https://login.taobao.com/member/login.jhtml?redirectURL=http%3A%2F%2Fecrm.taobao.com%2Fshopbonusapply%2Fbuyer_apply_result.htm LEXRR http://member1.taobao.com/member/login.jhtml?redirectURL=http%3A%2F%2Fecrm.taobao.com%2Fshopbonusapply%2Fbuyer_apply_result.htm text/html #014 20131113085208575+144 sha1:HGQDF6JBQNX44RBKIQ3WHHKOCUGYWIQR - 3t
2013-11-13T08:52:11.355Z   404       1635 http://www.afsjeep.com/%C3%A4%C2%BA%C2%BA%C3%A4%C2%BA%C2%BA%C3%A7%C2%BD%C2%91,7y,1h.2C.Z EX http://v3.jiathis.com/code/jia.js?uid=1358326034125147 text/html #019 20131113085211275+67 sha1:6BSJ7FEV2H2WNI7WSAACAUFYPAALJPHC - usingCharsetInHTML:windows-1252
2013-11-13T08:52:11.997Z   200      21811 https://login.taobao.com/member/login.jhtml?redirectURL=http%3A%2F%2Fmember1.taobao.com%2Fmember%2Fsafe%2Fpindao%2Foperate_set.htm LEXRR http://member1.taobao.com/member/safe/pindao/operate_set.htm text/html #014 20131113085211800+118 sha1:T45EOTBHYEUD2KPMWQBCBG7WUFTKRPMJ - -
2013-11-13T08:52:13.573Z   200      49471 http://wwwimages.adobe.com/www.adobe.com/downloadcenter/singlepage/live/js/jquery/plugins/bxslider/bxslider.js XRE http://get.adobe.com/flashplayer/ application/x-javascript #001 20131113085212893+616 sha1:JJQGNCB6KP3A6SYD5DOQP6YUGKYRV5DC - -
2013-11-13T08:52:14.429Z   404       1635 http://www.afsjeep.com/%C3%A4%C2%B8%C2%AD%C3%A6%C2%90%C2%9Cv%C3%A5%C2%95%C2%86,8j,8k.8l EX http://v3.jiathis.com/code/jia.js?uid=1358326034125147 text/html #019 20131113085214357+68 sha1:6BSJ7FEV2H2WNI7WSAACAUFYPAALJPHC - usingCharsetInHTML:windows-1252
2013-11-13T08:52:17.506Z   404       1635 http://www.afsjeep.com/d0.Z EX http://v3.jiathis.com/code/jia.js?uid=1358326034125147 text/html #019 20131113085217430+67 sha1:6BSJ7FEV2H2WNI7WSAACAUFYPAALJPHC - usingCharsetInHTML:windows-1252
2013-11-13T08:52:19.515Z   200       5903 http://wwwimages.adobe.com/www.adobe.com/uber/js/atm/s_code_acdc.js XRE http://get.adobe.com/flashplayer/ application/x-javascript #013 20131113085216686+2796 sha1:5S36BJQPPDWMZUE2B4URON7DDV2CZDDX - -
2013-11-13T08:52:20.628Z   404       1635 http://www.afsjeep.com/%C3%A6%C2%90%C2%9C%C3%A7%C2%8B%C2%90%C3%A5%C2%BE%C2%AE%C3%A5%C2%8D%C2%9A,7u,t.4V.Z EX http://v3.jiathis.com/code/jia.js?uid=1358326034125147 text/html #019 20131113085220510+115 sha1:6BSJ7FEV2H2WNI7WSAACAUFYPAALJPHC - usingCharsetInHTML:windows-1252
2013-11-13T08:52:23.704Z   404       1635 http://www.afsjeep.com/:T.1C, EX http://v3.jiathis.com/code/jia.js?uid=1358326034125147 text/html #019 20131113085223629+67 sha1:6BSJ7FEV2H2WNI7WSAACAUFYPAALJPHC - usingCharsetInHTML:windows-1252
2013-11-13T08:52:26.781Z   404       1635 http://www.afsjeep.com/;1J=1t.13.1J;1e= EX http://v3.jiathis.com/code/jia.js?uid=1358326034125147 text/html #019 20131113085226706+68 sha1:6BSJ7FEV2H2WNI7WSAACAUFYPAALJPHC - usingCharsetInHTML:windows-1252
2013-11-13T08:52:29.874Z   404       1635 http://www.afsjeep.com/%C3%A5%20%C2%86%C3%A7%C2%B3%C2%96,dt,1h.8J.Z EX http://v3.jiathis.com/code/jia.js?uid=1358326034125147 text/html #019 20131113085229781+90 sha1:6BSJ7FEV2H2WNI7WSAACAUFYPAALJPHC - usingCharsetInHTML:windows-1252
2013-11-13T08:52:32.946Z   404       1635 http://www.afsjeep.com/%C3%A8%C2%B5%C2%B6%C3%A7%C2%89%C2%9B%C3%A7%C2%BD%C2%91,9P,1h.9Q.Z EX http://v3.jiathis.com/code/jia.js?uid=1358326034125147 text/html #019 20131113085232874+66 sha1:6BSJ7FEV2H2WNI7WSAACAUFYPAALJPHC - usingCharsetInHTML:windows-1252
2013-11-13T08:52:36.030Z   404       1635 http://www.afsjeep.com/%C3%A5%C2%98%C2%80%C3%A5%C2%92%C2%95%C3%A7%C2%BD%C2%91,9I,9J.Z EX http://v3.jiathis.com/code/jia.js?uid=1358326034125147 text/html #019 20131113085235947+81 sha1:6BSJ7FEV2H2WNI7WSAACAUFYPAALJPHC - usingCharsetInHTML:windows-1252
2013-11-13T08:52:36.064Z   200      35896 http://wwwimages.adobe.com/www.adobe.com/downloadcenter/singlepage/live/css/jquery-ui/jquery-ui.css XRE http://get.adobe.com/flashplayer/ text/css #013 20131113085233525+2506 sha1:IUVHFQ5FV4CZMQ3VDTSFGS3EUN3C4XCN - -
2013-11-13T08:52:39.108Z   404       1635 http://www.afsjeep.com/%C3%A7%C2%9B%C2%AE%C3%A5%C2%89%C2%8D%C3%A5%C2%8F%C2%AA%C3%A6%C2%94%C2%AF%C3%A6%C2%8C%C2%816C%C3%AF%C2%BC%C2%8C%C3%A8%C2%AF%C2%B7%C3%A5%C2%A4%C2%8D%C3%A5%C2%88%C2%B6%C3%A5%C2%9C%C2%B0%C3%A5%C2%9D%C2%80%C3%A6%20%C2%8FeX,%C3%A6%C2%8E%C2%A8%C3%A8%C2%8D%C2%90%C3%A7%C2%BB%C2%99%C3%A4%C2%BD%20%C3%A7%C2%9A%C2%842m/33%C3%A5%C2%A5%C2%BD%C3%A5%C2%8F%C2%8B%C3%AF%C2%BC%C2%81 EX http://v3.jiathis.com/code/jia.js?uid=1358326034125147 text/html #019 20131113085239031+73 sha1:6BSJ7FEV2H2WNI7WSAACAUFYPAALJPHC - usingCharsetInHTML:windows-1252
2013-11-13T08:52:42.189Z   404       1635 http://www.afsjeep.com/bn.5f,bo,bp.5f EX http://v3.jiathis.com/code/jia.js?uid=1358326034125147 text/html #019 20131113085242110+70 sha1:6BSJ7FEV2H2WNI7WSAACAUFYPAALJPHC - usingCharsetInHTML:windows-1252
2013-11-13T08:52:45.270Z   404       1635 http://www.afsjeep.com/%C3%A4%C2%BA%C2%BA%C3%A9%C2%97%C2%B4%C3%A7%C2%BD%C2%91,a5,a6.Z EX http://v3.jiathis.com/code/jia.js?uid=1358326034125147 text/html #019 20131113085245192+69 sha1:6BSJ7FEV2H2WNI7WSAACAUFYPAALJPHC - usingCharsetInHTML:windows-1252
2013-11-13T08:52:48.344Z   404       1635 http://www.afsjeep.com/%C3%A9%C2%9B%C2%B7%C3%A7%C2%8C%C2%B4%C3%A7%C2%BD%C2%91,a8,a9.Z EX http://v3.jiathis.com/code/jia.js?uid=1358326034125147 text/html #019 20131113085248273+67 sha1:6BSJ7FEV2H2WNI7WSAACAUFYPAALJPHC - usingCharsetInHTML:windows-1252
2013-11-13T08:52:49.673Z   200       1578 http://wwwimages.adobe.com/www.adobe.com/downloadcenter/singlepage/live/js/jquery/plugins/outside/outside.js XRE http://get.adobe.com/flashplayer/ application/x-javascript #010 20131113085248604+1056 sha1:6MAF4F25HRF2QZJ2WRFCYRSMGW25ZZM5 - -
2013-11-13T08:52:51.420Z   404       1635 http://www.afsjeep.com/cX.Z EX http://v3.jiathis.com/code/jia.js?uid=1358326034125147 text/html #019 20131113085251345+68 sha1:6BSJ7FEV2H2WNI7WSAACAUFYPAALJPHC - usingCharsetInHTML:windows-1252
2013-11-13T08:52:54.496Z   404       1635 http://www.afsjeep.com/%C3%A5%C2%A5%C2%87%C3%A4%C2%B9%C2%90%C3%A6%C2%94%C2%B6%C3%A8%C2%97%C2%8F,8n,1h.8o.Z EX http://v3.jiathis.com/code/jia.js?uid=1358326034125147 text/html #019 20131113085254421+66 sha1:6BSJ7FEV2H2WNI7WSAACAUFYPAALJPHC - usingCharsetInHTML:windows-1252
2013-11-13T08:52:55.445Z   200       7424 http://wwwimages.adobe.com/www.adobe.com/downloadcenter/singlepage/live/js/modal.js XRE http://get.adobe.com/flashplayer/ application/x-javascript #014 20131113085255007+406 sha1:ZEQLN2E4YDN2SNKN724MMVI6LFF5SR6H - -
2013-11-13T08:52:57.578Z   404       1635 http://www.afsjeep.com/%C3%A5%C2%A4%C2%A9%C3%A9%C2%99%C2%85%C3%A7%C2%BD%C2%91,b0,b1.b2.Z EX http://v3.jiathis.com/code/jia.js?uid=1358326034125147 text/html #019 20131113085257500+69 sha1:6BSJ7FEV2H2WNI7WSAACAUFYPAALJPHC - usingCharsetInHTML:windows-1252
2013-11-13T08:53:00.205Z   200      25562 http://wwwimages.adobe.com/www.adobe.com/downloadcenter/singlepage/live/js/swfobject/swfobject.js XRE http://get.adobe.com/flashplayer/ application/x-javascript #014 20131113085258445+1723 sha1:JUJEUEX72L2QN66NEMDSUKTXLJEGNZG5 - -
2013-11-13T08:53:00.652Z   404       1635 http://www.afsjeep.com/c5,5i,1h.5i.Z EX http://v3.jiathis.com/code/jia.js?uid=1358326034125147 text/html #019 20131113085300580+69 sha1:6BSJ7FEV2H2WNI7WSAACAUFYPAALJPHC - usingCharsetInHTML:windows-1252
2013-11-13T08:53:03.727Z   404       1635 http://www.afsjeep.com/:T.ci, EX http://v3.jiathis.com/code/jia.js?uid=1358326034125147 text/html #019 20131113085303654+66 sha1:6BSJ7FEV2H2WNI7WSAACAUFYPAALJPHC - usingCharsetInHTML:windows-1252
2013-11-13T08:53:06.805Z   404       1635 http://www.afsjeep.com/d7.Z EX http://v3.jiathis.com/code/jia.js?uid=1358326034125147 text/html #019 20131113085306729+67 sha1:6BSJ7FEV2H2WNI7WSAACAUFYPAALJPHC - usingCharsetInHTML:windows-1252
2013-11-13T08:53:09.876Z   404       1635 http://www.afsjeep.com/;1t.13.1e!= EX http://v3.jiathis.com/code/jia.js?uid=1358326034125147 text/html #019 20131113085309806+66 sha1:6BSJ7FEV2H2WNI7WSAACAUFYPAALJPHC - usingCharsetInHTML:windows-1252
2013-11-13T08:53:12.757Z   200      93435 http://wwwimages.adobe.com/www.adobe.com/downloadcenter/singlepage/live/js/jquery/jquery.min.js XRE http://get.adobe.com/flashplayer/ application/x-javascript #025 20131113085308844+3718 sha1:2COTVGPNEXIPD67GQVW6TYKP7UZVK4SW - -
2013-11-13T08:53:12.949Z   404       1635 http://www.afsjeep.com/%C3%A9%C2%9B%C2%AA%C3%A7%C2%90%C2%83,93,94.Z EX http://v3.jiathis.com/code/jia.js?uid=1358326034125147 text/html #019 20131113085312877+68 sha1:6BSJ7FEV2H2WNI7WSAACAUFYPAALJPHC - usingCharsetInHTML:windows-1252
2013-11-13T08:53:16.018Z   404       1635 http://www.afsjeep.com/1Y/dX EX http://v3.jiathis.com/code/jia.js?uid=1358326034125147 text/html #019 20131113085315951+65 sha1:6BSJ7FEV2H2WNI7WSAACAUFYPAALJPHC - usingCharsetInHTML:windows-1252
2013-11-13T08:53:19.093Z   404       1635 http://www.afsjeep.com/%C3%A7%C2%99%C2%BE%C3%A5%C2%BA%C2%A6%C3%A6%C2%90%C2%9C%C3%A8%C2%97%C2%8F,7Q,7R.32.Z EX http://v3.jiathis.com/code/jia.js?uid=1358326034125147 text/html #019 20131113085319020+69 sha1:6BSJ7FEV2H2WNI7WSAACAUFYPAALJPHC - usingCharsetInHTML:windows-1252
2013-11-13T08:53:22.170Z   404       1635 http://www.afsjeep.com/%C3%A5%C2%AE%C2%BE%C3%A8%C2%87%C2%B3%C3%A7%C2%BD%C2%91,ah,1h.ai.Z EX http://v3.jiathis.com/code/jia.js?uid=1358326034125147 text/html #019 20131113085322094+68 sha1:6BSJ7FEV2H2WNI7WSAACAUFYPAALJPHC - usingCharsetInHTML:windows-1252
2013-11-13T08:53:25.251Z   404       1635 http://www.afsjeep.com/,P=c.1s EX http://v3.jiathis.com/code/jia.js?uid=1358326034125147 text/html #019 20131113085325172+70 sha1:6BSJ7FEV2H2WNI7WSAACAUFYPAALJPHC - usingCharsetInHTML:windows-1252
2013-11-13T08:53:31.775Z   200       5876 http://wwwimages.adobe.com/www.adobe.com/uber/js/pdc_s_code.js XRE http://get.adobe.com/flashplayer/ application/x-javascript #007 20131113085331396+342 sha1:6OYTUJUAZAWX3PQGA35WALDXPM3VT6DJ - -
2013-11-13T08:53:35.579Z   200      58959 http://wwwimages.adobe.com/www.adobe.com/js/foresee/foresee-trigger-dlc.js XRE http://get.adobe.com/flashplayer/ application/x-javascript #007 20131113085334777+676 sha1:NRHITL73CXKMXSTT36PMEON5ES3UJAAI - -
2013-11-13T08:53:40.512Z   404       1635 http://www.afsjeep.com/%C3%A5%C2%BC%C2%80%C3%A5%C2%BF%C2%83%C3%A7%C2%BD%C2%91,7A,1h.30.Z EX http://v3.jiathis.com/code/jia.js?uid=1358326034125147 text/html #019 20131113085328252+12255 sha1:6BSJ7FEV2H2WNI7WSAACAUFYPAALJPHC - usingCharsetInHTML:windows-1252
2013-11-13T08:53:40.870Z   200      38538 http://wwwimages.adobe.com/www.adobe.com/downloadcenter/singlepage/live/js/jquery/plugins/selectBox/selectBox.js XRE http://get.adobe.com/flashplayer/ application/x-javascript #024 20131113085339029+1779 sha1:ND6RH3WK7MLU25WU6YADWSCDJFAW7AXX - -
2013-11-13T08:53:50.807Z   200      16669 http://wwwimages.adobe.com/www.adobe.com/downloadcenter/singlepage/live/js/jquery/plugins/string/string.js XRE http://get.adobe.com/flashplayer/ application/x-javascript #009 20131113085349772+993 sha1:B23W3QDTR4EHHSSP552UVJX75FZLZIVU - -
2013-11-13T08:53:57.000Z   200     149331 http://wwwimages.adobe.com/www.adobe.com/downloadcenter/singlepage/live/images/flash_windows.gif XRE http://get.adobe.com/flashplayer/ image/gif #023 20131113085355783+1208 sha1:OPFROFB5NNNFBBJ3OLKEB7GY45JNJ4TS - -
2013-11-13T08:54:10.596Z   404       1635 http://www.afsjeep.com/%C3%A5%C2%87%C2%A4%C3%A5%C2%87%C2%B0%C3%A5%C2%BF%C2%AB%C3%A5%C2%8D%C2%9A,9Z,k.53.Z EX http://v3.jiathis.com/code/jia.js?uid=1358326034125147 text/html #019 20131113085410521+72 sha1:6BSJ7FEV2H2WNI7WSAACAUFYPAALJPHC - usingCharsetInHTML:windows-1252
2013-11-13T08:54:13.671Z   404       1635 http://www.afsjeep.com/ec.ed EX http://v3.jiathis.com/code/jia.js?uid=1358326034125147 text/html #007 20131113085413597+67 sha1:6BSJ7FEV2H2WNI7WSAACAUFYPAALJPHC - usingCharsetInHTML:windows-1252
2013-11-13T08:54:19.455Z   404       1635 http://www.afsjeep.com/2x/47.2x EX http://v3.jiathis.com/code/jia.js?uid=1358326034125147 text/html #007 20131113085416676+2767 sha1:6BSJ7FEV2H2WNI7WSAACAUFYPAALJPHC - usingCharsetInHTML:windows-1252
2013-11-13T08:54:36.848Z   404       1635 http://www.afsjeep.com/%C3%A6%C2%B8%C2%B8%C3%A6%C2%88%C2%8F%C3%A6%C2%B1%C2%9F%C3%A6%C2%B9%C2%96,ad,57.4W.Z EX http://v3.jiathis.com/code/jia.js?uid=1358326034125147 text/html #021 20131113085433308+3531 sha1:6BSJ7FEV2H2WNI7WSAACAUFYPAALJPHC - usingCharsetInHTML:windows-1252
2013-11-13T08:54:54.588Z   404       1635 http://www.afsjeep.com/%C3%A4%C2%B9%C2%90%C3%A6%C2%94%C2%B6,aD,aE.aF.Z EX http://v3.jiathis.com/code/jia.js?uid=1358326034125147 text/html #008 20131113085454513+66 sha1:6BSJ7FEV2H2WNI7WSAACAUFYPAALJPHC - usingCharsetInHTML:windows-1252
2013-11-13T08:54:57.667Z   404       1635 http://www.afsjeep.com/7C+,7D,7E.17.3D.Z EX http://v3.jiathis.com/code/jia.js?uid=1358326034125147 text/html #008 20131113085457591+68 sha1:6BSJ7FEV2H2WNI7WSAACAUFYPAALJPHC - usingCharsetInHTML:windows-1252
2013-11-13T08:55:00.741Z   404       1635 http://www.afsjeep.com/%C3%A5%C2%AE%C2%9D%C3%A7%C2%9B%C2%92%C3%A7%C2%BD%C2%91,b8,1h.b9.Z EX http://v3.jiathis.com/code/jia.js?uid=1358326034125147 text/html #008 20131113085500669+67 sha1:6BSJ7FEV2H2WNI7WSAACAUFYPAALJPHC - usingCharsetInHTML:windows-1252
2013-11-13T08:55:03.830Z   404       1635 http://www.afsjeep.com/d3.Z EX http://v3.jiathis.com/code/jia.js?uid=1358326034125147 text/html #008 20131113085503753+67 sha1:6BSJ7FEV2H2WNI7WSAACAUFYPAALJPHC - usingCharsetInHTML:windows-1252
2013-11-13T08:55:06.908Z   404       1635 http://www.afsjeep.com/%C3%A6%C2%9C%C2%89%C3%A9%C2%81%C2%93%C3%A4%C2%BA%C2%91%C3%A7%C2%AC%C2%94%C3%A8%C2%AE%C2%B0,7T,7U.4X.Z EX http://v3.jiathis.com/code/jia.js?uid=1358326034125147 text/html #008 20131113085506832+67 sha1:6BSJ7FEV2H2WNI7WSAACAUFYPAALJPHC - usingCharsetInHTML:windows-1252
2013-11-13T08:55:09.976Z   404       1635 http://www.afsjeep.com/3E.Z EX http://v3.jiathis.com/code/jia.js?uid=1358326034125147 text/html #008 20131113085509909+64 sha1:6BSJ7FEV2H2WNI7WSAACAUFYPAALJPHC - usingCharsetInHTML:windows-1252
2013-11-13T08:55:13.047Z   404       1635 http://www.afsjeep.com/2m%C3%A4%C2%B9%C2%A6%C3%A7%C2%AD%C2%BE,8A,54.1L.Z EX http://v3.jiathis.com/code/jia.js?uid=1358326034125147 text/html #008 20131113085512976+68 sha1:6BSJ7FEV2H2WNI7WSAACAUFYPAALJPHC - usingCharsetInHTML:windows-1252
2013-11-13T08:55:16.116Z   404       1635 http://www.afsjeep.com/Z.cn EX http://v3.jiathis.com/code/jia.js?uid=1358326034125147 text/html #008 20131113085516048+66 sha1:6BSJ7FEV2H2WNI7WSAACAUFYPAALJPHC - usingCharsetInHTML:windows-1252
2013-11-13T08:55:19.194Z   404       1635 http://www.afsjeep.com/%C3%A8%C2%B1%C2%86%C3%A7%C2%93%C2%A39%C3%A7%C2%82%C2%B9,aT,9.3F.Z EX http://v3.jiathis.com/code/jia.js?uid=1358326034125147 text/html #008 20131113085519117+68 sha1:6BSJ7FEV2H2WNI7WSAACAUFYPAALJPHC - usingCharsetInHTML:windows-1252
2013-11-13T08:55:22.275Z   404       1635 http://www.afsjeep.com/%C3%A8%C2%98%C2%91%C3%A8%C2%8F%C2%87%C3%A8%C2%A1%C2%97,aX,aY.cn EX http://v3.jiathis.com/code/jia.js?uid=1358326034125147 text/html #008 20131113085522197+70 sha1:6BSJ7FEV2H2WNI7WSAACAUFYPAALJPHC - usingCharsetInHTML:windows-1252
2013-11-13T08:55:25.356Z   404       1635 http://www.afsjeep.com/2m%C3%A5%C2%A5%C2%BD%C3%A5%C2%8F%C2%8B,8x,8y,55.1L.Z EX http://v3.jiathis.com/code/jia.js?uid=1358326034125147 text/html #008 20131113085525277+70 sha1:6BSJ7FEV2H2WNI7WSAACAUFYPAALJPHC - usingCharsetInHTML:windows-1252
2013-11-13T08:55:28.434Z   404       1635 http://www.afsjeep.com/1Y/2x EX http://v3.jiathis.com/code/jia.js?uid=1358326034125147 text/html #008 20131113085528356+68 sha1:6BSJ7FEV2H2WNI7WSAACAUFYPAALJPHC - usingCharsetInHTML:windows-1252
2013-11-13T08:55:31.519Z   404       1635 http://www.afsjeep.com/%C3%A7%C2%99%C2%BE%C3%A5%C2%BA%C2%A6%C3%A7%C2%A9%C2%BA%C3%A9%C2%97%C2%B4,8U,8V.57.32.Z EX http://v3.jiathis.com/code/jia.js?uid=1358326034125147 text/html #008 20131113085531436+68 sha1:6BSJ7FEV2H2WNI7WSAACAUFYPAALJPHC - usingCharsetInHTML:windows-1252
2013-11-13T08:55:34.597Z   404       1635 http://www.afsjeep.com/%C3%A5%C2%BE%C2%AE%C3%A4%C2%BF%C2%A1,7q,2c,2c.1L.Z EX http://v3.jiathis.com/code/jia.js?uid=1358326034125147 text/html #008 20131113085534519+69 sha1:6BSJ7FEV2H2WNI7WSAACAUFYPAALJPHC - usingCharsetInHTML:windows-1252
2013-11-13T08:55:37.675Z   404       1635 http://www.afsjeep.com/51%C3%A7%C2%A4%C2%BE%C3%A5%C2%8C%C2%BA,9W,9X.51.Z EX http://v3.jiathis.com/code/jia.js?uid=1358326034125147 text/html #008 20131113085537601+69 sha1:6BSJ7FEV2H2WNI7WSAACAUFYPAALJPHC - usingCharsetInHTML:windows-1252
2013-11-13T08:55:40.752Z   404       1635 http://www.afsjeep.com/%C3%A5%C2%92%C2%8C%C3%A8%C2%AE%C2%AF,96,97.59.Z EX http://v3.jiathis.com/code/jia.js?uid=1358326034125147 text/html #008 20131113085540676+67 sha1:6BSJ7FEV2H2WNI7WSAACAUFYPAALJPHC - usingCharsetInHTML:windows-1252
2013-11-13T08:55:43.828Z   404       1635 http://www.afsjeep.com/eq.2K EX http://v3.jiathis.com/code/jia.js?uid=1358326034125147 text/html #008 20131113085543753+66 sha1:6BSJ7FEV2H2WNI7WSAACAUFYPAALJPHC - usingCharsetInHTML:windows-1252
2013-11-13T08:55:46.905Z   404       1635 http://www.afsjeep.com/am,ao,t.co EX http://v3.jiathis.com/code/jia.js?uid=1358326034125147 text/html #008 20131113085546830+66 sha1:6BSJ7FEV2H2WNI7WSAACAUFYPAALJPHC - usingCharsetInHTML:windows-1252
2013-11-13T08:55:49.971Z   404       1635 http://www.afsjeep.com/.1K.Z EX http://v3.jiathis.com/code/jia.js?uid=1358326034125147 text/html #008 20131113085549905+63 sha1:6BSJ7FEV2H2WNI7WSAACAUFYPAALJPHC - usingCharsetInHTML:windows-1252
2013-11-13T08:55:53.046Z   404       1635 http://www.afsjeep.com/%C3%A5%C2%87%C2%A4%C3%A5%C2%87%C2%B0%C3%A5%C2%BE%C2%AE%C3%A5%C2%8D%C2%9A,86,t.53.Z EX http://v3.jiathis.com/code/jia.js?uid=1358326034125147 text/html #008 20131113085552972+67 sha1:6BSJ7FEV2H2WNI7WSAACAUFYPAALJPHC - usingCharsetInHTML:windows-1252
2013-11-13T08:55:56.116Z   404       1635 http://www.afsjeep.com/d5.Z EX http://v3.jiathis.com/code/jia.js?uid=1358326034125147 text/html #008 20131113085556048+65 sha1:6BSJ7FEV2H2WNI7WSAACAUFYPAALJPHC - usingCharsetInHTML:windows-1252
2013-11-13T08:55:59.186Z   404       1635 http://www.afsjeep.com/%C3%A7%C2%BD%C2%91%C3%A6%C2%98%C2%93%C3%A5%C2%BE%C2%AE%C3%A5%C2%8D%C2%9A,7w,t.4W.Z EX http://v3.jiathis.com/code/jia.js?uid=1358326034125147 text/html #008 20131113085559117+66 sha1:6BSJ7FEV2H2WNI7WSAACAUFYPAALJPHC - usingCharsetInHTML:windows-1252
2013-11-13T08:56:02.264Z   404       1635 http://www.afsjeep.com/%C3%A6%C2%9C%C2%8B%C3%A5%C2%8F%C2%8B%C3%A7%C2%BD%C2%91,7L,31.7M.Z EX http://v3.jiathis.com/code/jia.js?uid=1358326034125147 text/html #008 20131113085602187+67 sha1:6BSJ7FEV2H2WNI7WSAACAUFYPAALJPHC - usingCharsetInHTML:windows-1252
2013-11-13T08:56:05.346Z   404       1635 http://www.afsjeep.com/d6.Z EX http://v3.jiathis.com/code/jia.js?uid=1358326034125147 text/html #008 20131113085605266+69 sha1:6BSJ7FEV2H2WNI7WSAACAUFYPAALJPHC - usingCharsetInHTML:windows-1252
2013-11-13T08:56:08.429Z   404       1635 http://www.afsjeep.com/%C3%A7%C2%82%C2%B9%C3%A7%C2%82%C2%B9%C3%A7%C2%BD%C2%91,8d,1h.8e.Z EX http://v3.jiathis.com/code/jia.js?uid=1358326034125147 text/html #008 20131113085608348+66 sha1:6BSJ7FEV2H2WNI7WSAACAUFYPAALJPHC - usingCharsetInHTML:windows-1252
2013-11-13T08:56:11.501Z   404       1635 http://www.afsjeep.com/,E=c.eH EX http://v3.jiathis.com/code/jia.js?uid=1358326034125147 text/html #008 20131113085611432+66 sha1:6BSJ7FEV2H2WNI7WSAACAUFYPAALJPHC - usingCharsetInHTML:windows-1252
2013-11-13T08:56:14.578Z   404       1635 http://www.afsjeep.com/;3S=/ EX http://v3.jiathis.com/code/jia.js?uid=1358326034125147 text/html #008 20131113085614502+67 sha1:6BSJ7FEV2H2WNI7WSAACAUFYPAALJPHC - usingCharsetInHTML:windows-1252
2013-11-13T08:56:17.661Z   404       1635 http://www.afsjeep.com/aq,5d,1h.5d.Z EX http://v3.jiathis.com/code/jia.js?uid=1358326034125147 text/html #008 20131113085617581+70 sha1:6BSJ7FEV2H2WNI7WSAACAUFYPAALJPHC - usingCharsetInHTML:windows-1252
2013-11-13T08:56:20.738Z   404       1635 http://www.afsjeep.com/ax,ay,az.Z EX http://v3.jiathis.com/code/jia.js?uid=1358326034125147 text/html #008 20131113085620663+68 sha1:6BSJ7FEV2H2WNI7WSAACAUFYPAALJPHC - usingCharsetInHTML:windows-1252
2013-11-13T08:56:23.819Z   404       1635 http://www.afsjeep.com/%C3%A8%C2%B1%C2%86%C3%A7%C2%93%C2%A3,db,1h.3F.Z EX http://v3.jiathis.com/code/jia.js?uid=1358326034125147 text/html #008 20131113085623739+69 sha1:6BSJ7FEV2H2WNI7WSAACAUFYPAALJPHC - usingCharsetInHTML:windows-1252
2013-11-13T08:56:26.929Z   404       1635 http://www.afsjeep.com/l.e9 EX http://v3.jiathis.com/code/jia.js?uid=1358326034125147 text/html #008 20131113085626853+69 sha1:6BSJ7FEV2H2WNI7WSAACAUFYPAALJPHC - usingCharsetInHTML:windows-1252
2013-11-13T08:56:30.014Z   404       1635 http://www.afsjeep.com/%C3%A8%C2%8A%C2%B1%C3%A7%C2%93%C2%A3%C3%A7%C2%BD%C2%91,8G,8H.Z EX http://v3.jiathis.com/code/jia.js?uid=1358326034125147 text/html #008 20131113085629931+79 sha1:6BSJ7FEV2H2WNI7WSAACAUFYPAALJPHC - usingCharsetInHTML:windows-1252
2013-11-13T08:56:33.091Z   404       1635 http://www.afsjeep.com/:T.bt, EX http://v3.jiathis.com/code/jia.js?uid=1358326034125147 text/html #008 20131113085633014+68 sha1:6BSJ7FEV2H2WNI7WSAACAUFYPAALJPHC - usingCharsetInHTML:windows-1252
2013-11-13T08:56:36.161Z   404       1635 http://www.afsjeep.com/%C3%A6%C2%8E%C2%A8%C3%A4%C2%BB%C2%96,9B,1h.9C.Z EX http://v3.jiathis.com/code/jia.js?uid=1358326034125147 text/html #008 20131113085636093+65 sha1:6BSJ7FEV2H2WNI7WSAACAUFYPAALJPHC - usingCharsetInHTML:windows-1252
2013-11-13T08:56:39.241Z   404       1635 http://www.afsjeep.com/%C3%A8%C2%85%C2%BE%C3%A8%C2%AE%C2%AF%C3%A5%C2%BE%C2%AE%C3%A5%C2%8D%C2%9A,7s,t.1L.Z EX http://v3.jiathis.com/code/jia.js?uid=1358326034125147 text/html #008 20131113085639162+67 sha1:6BSJ7FEV2H2WNI7WSAACAUFYPAALJPHC - usingCharsetInHTML:windows-1252
2013-11-13T08:56:42.319Z   404       1635 http://www.afsjeep.com/%C3%A6%C2%96%C2%B0%C3%A6%C2%B5%C2%AA%C3%A5%C2%BE%C2%AE%C3%A5%C2%8D%C2%9A,7n,7o.Z EX http://v3.jiathis.com/code/jia.js?uid=1358326034125147 text/html #008 20131113085642243+67 sha1:6BSJ7FEV2H2WNI7WSAACAUFYPAALJPHC - usingCharsetInHTML:windows-1252
2013-11-13T08:56:45.400Z   404       1635 http://www.afsjeep.com/%C3%A5%C2%A4%C2%8D%C3%A5%C2%88%C2%B6%C3%A6%C2%88%C2%90%C3%A5%C2%8A%C2%9F,%C3%A8%C2%AF%C2%B7%C3%A7%C2%B2%C2%98%C3%A8%C2%B4%C2%B4%C3%A5%C2%88%C2%B0%C3%A4%C2%BD%20%C3%A7%C2%9A%C2%842m/33%C3%A4%C2%B8%C2%8A%C3%A6%C2%8E%C2%A8%C3%A8%C2%8D%C2%90%C3%A7%C2%BB%C2%99%C3%A4%C2%BD%20%C3%A7%C2%9A%C2%84%C3%A5%C2%A5%C2%BD%C3%A5%C2%8F%C2%8B%C3%AF%C2%BC%C2%81 EX http://v3.jiathis.com/code/jia.js?uid=1358326034125147 text/html #008 20131113085645321+69 sha1:6BSJ7FEV2H2WNI7WSAACAUFYPAALJPHC - usingCharsetInHTML:windows-1252
2013-11-13T08:56:48.468Z   404       1635 http://www.afsjeep.com/cY.Z EX http://v3.jiathis.com/code/jia.js?uid=1358326034125147 text/html #008 20131113085648400+65 sha1:6BSJ7FEV2H2WNI7WSAACAUFYPAALJPHC - usingCharsetInHTML:windows-1252
2013-11-13T08:56:51.539Z   404       1635 http://www.afsjeep.com/%C3%A7%C2%8C%C2%AB%C3%A6%C2%89%C2%91%C3%A6%C2%8E%C2%A8%C3%A5%C2%AE%C2%A2,9E,9F.9G.Z EX http://v3.jiathis.com/code/jia.js?uid=1358326034125147 text/html #008 20131113085651469+66 sha1:6BSJ7FEV2H2WNI7WSAACAUFYPAALJPHC - usingCharsetInHTML:windows-1252
2013-11-13T08:56:54.617Z   404       1635 http://www.afsjeep.com/%C3%A9%C2%A5%C2%AD%C3%A5%C2%90%C2%A6,ff,8b.Z EX http://v3.jiathis.com/code/jia.js?uid=1358326034125147 text/html #008 20131113085654541+72 sha1:6BSJ7FEV2H2WNI7WSAACAUFYPAALJPHC - usingCharsetInHTML:windows-1252
2013-11-13T08:56:57.695Z   404       1635 http://www.afsjeep.com/%C3%A6%C2%98%C2%93%C3%A9%C2%9B%C2%86%C3%A7%C2%BD%C2%91,bb,1h.bc.Z EX http://v3.jiathis.com/code/jia.js?uid=1358326034125147 text/html #008 20131113085657618+68 sha1:6BSJ7FEV2H2WNI7WSAACAUFYPAALJPHC - usingCharsetInHTML:windows-1252
2013-11-13T08:57:00.768Z   404       1635 http://www.afsjeep.com/bu.5h,58.5h EX http://v3.jiathis.com/code/jia.js?uid=1358326034125147 text/html #008 20131113085700695+68 sha1:6BSJ7FEV2H2WNI7WSAACAUFYPAALJPHC - usingCharsetInHTML:windows-1252
2013-11-13T08:57:03.846Z   404       1635 http://www.afsjeep.com/cV.cW.2K EX http://v3.jiathis.com/code/jia.js?uid=1358326034125147 text/html #008 20131113085703770+67 sha1:6BSJ7FEV2H2WNI7WSAACAUFYPAALJPHC - usingCharsetInHTML:windows-1252
2013-11-13T08:57:07.091Z   200      50904 http://www.afsjeep.com/images/topts.swf XL http://www.afsjeep.com/ts.php application/x-shockwave-flash #008 20131113085706849+221 sha1:DRTM7IEFYO6AO6X7B6WCTYX4HENACGAZ - -
2013-11-13T08:57:10.158Z   404       1635 http://www.afsjeep.com/images/topts XX http://www.afsjeep.com/ts.php text/html #008 20131113085710091+65 sha1:6BSJ7FEV2H2WNI7WSAACAUFYPAALJPHC - usingCharsetInHTML:windows-1252
2013-11-13T08:57:13.637Z   200     205860 http://www.afsjeep.com/images/ts.swf XL http://www.afsjeep.com/ts.php application/x-shockwave-flash #008 20131113085713158+436 sha1:SINEO7UUAMEKYQXEBNSUL2PO3GZ566GE - -
2013-11-13T08:57:16.712Z   404       1635 http://www.afsjeep.com/images/ts XX http://www.afsjeep.com/ts.php text/html #008 20131113085716642+66 sha1:6BSJ7FEV2H2WNI7WSAACAUFYPAALJPHC - usingCharsetInHTML:windows-1252
2013-11-13T08:57:19.966Z   200      50904 http://www.afsjeep.com/images/topmy.swf XE http://www.afsjeep.com/my.php application/x-shockwave-flash #008 20131113085719714+226 sha1:EPDPHRI2PEMBQ4YZHBCDZQA3K4SD2NVQ - -
2013-11-13T08:57:23.396Z   200     195086 http://www.afsjeep.com/images/my.swf XE http://www.afsjeep.com/my.php application/x-shockwave-flash #008 20131113085722967+403 sha1:SJYJFAEMNYPX457XOGFH3G4UGV6RLSRU - -
2013-11-13T08:57:26.468Z   404       1635 http://www.afsjeep.com/images/my XX http://www.afsjeep.com/my.php text/html #008 20131113085726398+65 sha1:6BSJ7FEV2H2WNI7WSAACAUFYPAALJPHC - usingCharsetInHTML:windows-1252
2013-11-13T08:57:29.595Z   404       1635 http://www.afsjeep.com/images/topmy XX http://www.afsjeep.com/my.php text/html #008 20131113085729469+122 sha1:6BSJ7FEV2H2WNI7WSAACAUFYPAALJPHC - usingCharsetInHTML:windows-1252
2013-11-13T08:57:32.703Z   404       1635 http://www.afsjeep.com/change._change EX http://www.afsjeep.com/images/jquery.min.js text/html #008 20131113085732596+97 sha1:6BSJ7FEV2H2WNI7WSAACAUFYPAALJPHC - usingCharsetInHTML:windows-1252
2013-11-13T08:57:35.778Z   404       1635 http://www.afsjeep.com/click._change EX http://www.afsjeep.com/images/jquery.min.js text/html #008 20131113085735705+66 sha1:6BSJ7FEV2H2WNI7WSAACAUFYPAALJPHC - usingCharsetInHTML:windows-1252
2013-11-13T08:57:38.847Z   404       1635 http://www.afsjeep.com/._submit EX http://www.afsjeep.com/images/jquery.min.js text/html #008 20131113085738778+65 sha1:6BSJ7FEV2H2WNI7WSAACAUFYPAALJPHC - usingCharsetInHTML:windows-1252
2013-11-13T08:57:42.078Z   200       7709 http://www.afsjeep.com/main.php?t.selected=e.defaultSelected:n=== EX http://www.afsjeep.com/images/jquery.min.js text/html #008 20131113085741847+187 sha1:P72SGLGBV2CNT73H7PGQ34NP47N32IGH - usingCharsetInHTML:UTF-8
2013-11-13T08:57:45.169Z   404       1635 http://www.afsjeep.com/:e.String, EX http://www.afsjeep.com/images/jquery.min.js text/html #008 20131113085745079+81 sha1:6BSJ7FEV2H2WNI7WSAACAUFYPAALJPHC - usingCharsetInHTML:windows-1252
2013-11-13T08:57:48.241Z   404       1635 http://www.afsjeep.com/,r.style.cssText= EX http://www.afsjeep.com/images/jquery.min.js text/html #008 20131113085748172+65 sha1:6BSJ7FEV2H2WNI7WSAACAUFYPAALJPHC - usingCharsetInHTML:windows-1252
2013-11-13T08:57:51.319Z   404       1635 http://www.afsjeep.com/,r.innerHTML= EX http://www.afsjeep.com/images/jquery.min.js text/html #008 20131113085751242+68 sha1:6BSJ7FEV2H2WNI7WSAACAUFYPAALJPHC - usingCharsetInHTML:windows-1252
2013-11-13T08:57:54.388Z   404       1635 http://www.afsjeep.com/,r.style.overflow= EX http://www.afsjeep.com/images/jquery.min.js text/html #008 20131113085754321+64 sha1:6BSJ7FEV2H2WNI7WSAACAUFYPAALJPHC - usingCharsetInHTML:windows-1252
2013-11-13T08:57:57.467Z   404       1635 http://www.afsjeep.com/,r.style.width= EX http://www.afsjeep.com/images/jquery.min.js text/html #008 20131113085757390+68 sha1:6BSJ7FEV2H2WNI7WSAACAUFYPAALJPHC - usingCharsetInHTML:windows-1252
2013-11-13T08:58:00.546Z   404       1635 http://www.afsjeep.com/submit._submit EX http://www.afsjeep.com/images/jquery.min.js text/html #008 20131113085800469+67 sha1:6BSJ7FEV2H2WNI7WSAACAUFYPAALJPHC - usingCharsetInHTML:windows-1252
2013-11-13T08:58:03.623Z   404       1635 http://www.afsjeep.com/,optSelected:o.selected,getSetAttribute:p.className!== EX http://www.afsjeep.com/images/jquery.min.js text/html #008 20131113085803547+73 sha1:6BSJ7FEV2H2WNI7WSAACAUFYPAALJPHC - usingCharsetInHTML:windows-1252
2013-11-13T08:58:06.695Z   404       1635 http://www.afsjeep.com/&&e.type=== EX http://www.afsjeep.com/images/jquery.min.js text/html #008 20131113085806625+66 sha1:6BSJ7FEV2H2WNI7WSAACAUFYPAALJPHC - usingCharsetInHTML:windows-1252
2013-11-13T08:58:09.774Z   404       1635 http://www.afsjeep.com/beforeactivate._change EX http://www.afsjeep.com/images/jquery.min.js text/html #008 20131113085809696+70 sha1:6BSJ7FEV2H2WNI7WSAACAUFYPAALJPHC - usingCharsetInHTML:windows-1252
2013-11-13T08:58:12.847Z   404       1635 http://www.afsjeep.com/1.8.3 EX http://www.afsjeep.com/images/jquery.min.js text/html #008 20131113085812776+68 sha1:6BSJ7FEV2H2WNI7WSAACAUFYPAALJPHC - usingCharsetInHTML:windows-1252
