2013-11-13T08:51:27.503Z    -2         55 http://cx.qs12315.com:828/robots.txt LEEP http://cx.qs12315.com:828/cm.html unknown #012 - - - -
 java.net.SocketTimeoutException: connect timed out: timeout set at 20000ms.
	at org.archive.modules.fetcher.HeritrixProtocolSocketFactory.createSocket(HeritrixProtocolSocketFactory.java:133)
	at org.apache.commons.httpclient.HttpConnection.open(HttpConnection.java:709)
	at org.apache.commons.httpclient.HttpMethodDirector.executeWithRetry(HttpMethodDirector.java:387)
	at org.apache.commons.httpclient.HttpMethodDirector.executeMethod(HttpMethodDirector.java:171)
	at org.apache.commons.httpclient.HttpClient.executeMethod(HttpClient.java:397)
	at org.apache.commons.httpclient.HttpClient.executeMethod(HttpClient.java:346)
	at org.archive.modules.fetcher.FetchHTTP.innerProcess(FetchHTTP.java:646)
	at org.archive.modules.Processor.innerProcessResult(Processor.java:175)
	at org.archive.modules.Processor.process(Processor.java:142)
	at org.archive.modules.fetcher.FetchHTTP.process(FetchHTTP.java:905)
	at org.archive.modules.ProcessorChain.process(ProcessorChain.java:131)
	at org.archive.crawler.framework.ToeThread.run(ToeThread.java:147)
 java.net.SocketTimeoutException: connect timed out: timeout set at 20000ms.
	at org.archive.modules.fetcher.HeritrixProtocolSocketFactory.createSocket(HeritrixProtocolSocketFactory.java:133)
	at org.apache.commons.httpclient.HttpConnection.open(HttpConnection.java:709)
	at org.apache.commons.httpclient.HttpMethodDirector.executeWithRetry(HttpMethodDirector.java:387)
	at org.apache.commons.httpclient.HttpMethodDirector.executeMethod(HttpMethodDirector.java:171)
	at org.apache.commons.httpclient.HttpClient.executeMethod(HttpClient.java:397)
	at org.apache.commons.httpclient.HttpClient.executeMethod(HttpClient.java:346)
	at org.archive.modules.fetcher.FetchHTTP.innerProcess(FetchHTTP.java:646)
	at org.archive.modules.Processor.innerProcessResult(Processor.java:175)
	at org.archive.modules.Processor.process(Processor.java:142)
	at org.archive.modules.fetcher.FetchHTTP.process(FetchHTTP.java:905)
	at org.archive.modules.ProcessorChain.process(ProcessorChain.java:131)
	at org.archive.crawler.framework.ToeThread.run(ToeThread.java:147)
