2013-11-13T08:49:34Z CRAWL RUNNING - Running
2013-11-13T08:49:45Z          30          26            4        0.2(0.37)       0(0)             0             1        54564         65088            2          20           4
2013-11-13T08:50:05Z         178         151           25       1.05(0.81)       8(5)             0             1        56314         65088            1         146          37
2013-11-13T08:50:25Z         189         155           32       0.35(0.63)     32(16)             0             0        55781         65088            1         151          38
2013-11-13T08:50:45Z         218         176           40        0.4(0.57)     11(14)             0             0        56866         65088            1         171          44
2013-11-13T08:51:05Z         298         225           71       1.55(0.78)     27(17)             0             1        56057         65088            1         176           8
2013-11-13T08:51:25Z         359         224          133         3.1(1.2)     32(20)             0             1        57916         65088            1         176           8
2013-11-13T08:51:45Z         362         197          163        1.5(1.25)      8(18)             0             2        56223         65088            1         170          15
2013-11-13T08:52:05Z         364         185          177        0.7(1.17)      7(17)             0             0        59063         65088            1         163          23
2013-11-13T08:52:25Z         364         175          187         0.5(1.1)      5(15)             0             0        57427         65088            1         157          29
2013-11-13T08:52:45Z         364         168          194       0.35(1.02)      2(14)             0             1        56290         65088            1         151          28
2013-11-13T08:53:05Z         364         158          204        0.5(0.97)      2(13)             0             0        59538         65088            1         144          26
2013-11-13T08:53:25Z         364         151          211       0.35(0.91)      5(12)             0             1        59724         65088            1         138          25
2013-11-13T08:53:45Z         364         146          216       0.25(0.86)      5(11)             0             0        59602         65088            1         136          24
2013-11-13T08:54:05Z         364         144          218        0.1(0.81)      8(11)             0             0        56943         65088            1         136          28
2013-11-13T08:54:25Z         364         141          221       0.15(0.76)      0(10)             0             0        58458         65088            1         133          28
2013-11-13T08:54:45Z         364         140          222       0.05(0.71)      0(10)             0             0        59540         65088            1         132          28
2013-11-13T08:55:05Z         364         136          226        0.2(0.68)       0(9)             0             0        57081         65088            1         128          27
2013-11-13T08:55:25Z         364         130          232        0.3(0.66)       0(9)             0             0        59275         65088            1         122          26
2013-11-13T08:55:45Z         364         123          239       0.35(0.64)       0(8)             0             0        57657         65088            1         115          24
2013-11-13T08:56:05Z         364         117          245        0.3(0.63)       0(8)             0             0        59815         65088            1         109          23
2013-11-13T08:56:25Z         364         110          252       0.35(0.61)       0(7)             0             0        58200         65088            1         102          22
2013-11-13T08:56:45Z         364         104          258         0.3(0.6)       0(7)             0             0        56312         65088            1          96          20
2013-11-13T08:57:05Z         364          97          265       0.35(0.59)       0(7)             0             0        58720         65088            1          89          19
2013-11-13T08:57:25Z         364          91          271        0.3(0.58)      24(7)             0             0        57616         65088            1          83          18
2013-11-13T08:57:45Z         364          84          278       0.35(0.57)       0(7)             0             0        56272         65088            1          76          16
2013-11-13T08:58:05Z         364          78          284        0.3(0.56)       0(7)             0             0        58484         65088            1          70          15
2013-11-13T08:58:15Z CRAWL WAITING - Pausing - Waiting for threads to finish
2013-11-13T08:58:16Z         364          75          287       0.27(0.55)       0(7)             0             0        56801         65088            1          67          15
2013-11-13T08:58:16Z CRAWL PAUSED - Paused
2013-11-13T08:58:25Z         364          75          287          0(0.55)       0(7)             0             0        56814         65088            1          67          15
2013-11-13T08:58:45Z         364          75          287          0(0.55)       0(7)             0             0        56831         65088            1          67          15
2013-11-13T08:59:05Z         364          75          287          0(0.55)       0(7)             0             0        56843         65088            1          67          15
