           timestamp  discovered      queued   downloaded       doc/s(avg)  KB/s(avg)   dl-failures   busy-thread   mem-use-KB  heap-size-KB   congestion   max-depth   avg-depth
2013-11-13T08:25:18Z           0           0            0             0(?)       0(0)             0             0        59588         65088            0          -1           0
2013-11-13T08:25:18Z CRAWL RUNNING - Preparing
2013-11-13T08:25:38Z           1           1            0             0(0)       0(0)             0             0        64634         65088            ?           1           1
2013-11-13T08:25:58Z           1           1            0             0(0)       0(0)             0             0        64663         65088            ?           1           1
2013-11-13T08:26:18Z           1           1            0             0(0)       0(0)             0             0        64694         65088            ?           1           1
2013-11-13T08:26:38Z           1           1            0             0(0)       0(0)             0             0        64722         65088            ?           1           1
2013-11-13T08:26:58Z           1           1            0             0(0)       0(0)             0             0        64750         65088            ?           1           1
2013-11-13T08:27:18Z           1           1            0             0(0)       0(0)             0             0        64781         65088            ?           1           1
2013-11-13T08:27:38Z           1           1            0             0(0)       0(0)             0             0        64809         65088            ?           1           1
2013-11-13T08:27:58Z           1           1            0             0(0)       0(0)             0             0        64837         65088            ?           1           1
2013-11-13T08:28:18Z           1           1            0             0(0)       0(0)             0             0        64868         65088            ?           1           1
2013-11-13T08:28:38Z           1           1            0             0(0)       0(0)             0             0        64896         65088            ?           1           1
2013-11-13T08:28:58Z           1           1            0             0(0)       0(0)             0             0        64924         65088            ?           1           1
2013-11-13T08:29:18Z           1           1            0             0(0)       0(0)             0             0        64661         65088            ?           1           1
2013-11-13T08:29:38Z           1           1            0             0(0)       0(0)             0             0        64707         65088            ?           1           1
2013-11-13T08:29:58Z           1           1            0             0(0)       0(0)             0             0        64735         65088            ?           1           1
2013-11-13T08:30:18Z           1           1            0             0(0)       0(0)             0             0        64766         65088            ?           1           1
2013-11-13T08:30:38Z           1           1            0             0(0)       0(0)             0             0        64458         65088            ?           1           1
2013-11-13T08:30:47Z CRAWL ENDING - Finished - Ended by operator
2013-11-13T08:30:50Z CRAWL ENDED - Finished - Ended by operator
2013-11-13T08:30:50Z           1           1            0             0(0)       0(0)             0             0        64786         65088            ?           1           1
